date:2017-09-12 11:12:40	thread:main	user:	X-Track:	level:DEBUG	logger:j.c.n.a.d.r.b.BoardingClassRepository.findAll   	message:==>  Preparing: SELECT boarding_class_cd, boarding_class_name, extra_charge FROM boarding_class 
date:2017-09-12 11:12:40	thread:main	user:	X-Track:	level:DEBUG	logger:j.c.n.a.d.r.b.BoardingClassRepository.findAll   	message:==> Parameters: 
date:2017-09-12 11:12:40	thread:main	user:	X-Track:	level:DEBUG	logger:jdbc.sqltiming                                  	message: sun.reflect.NativeMethodAccessorImpl.invoke0(NativeMethodAccessorImpl.java:-2)
1. SELECT
        boarding_class_cd,
        boarding_class_name,
        extra_charge
    FROM
        boarding_class {executed in 17 msec}
date:2017-09-12 11:12:40	thread:main	user:	X-Track:	level:DEBUG	logger:j.c.n.a.d.r.b.BoardingClassRepository.findAll   	message:<==      Total: 2
date:2017-09-12 11:12:40	thread:main	user:	X-Track:	level:DEBUG	logger:j.c.n.a.d.r.faretype.FareTypeRepository.findAll 	message:==>  Preparing: SELECT fare_type_cd, fare_type_name, discount_rate, rsrv_available_start_day_num, rsrv_available_end_day_num, passenger_min_num FROM fare_type 
date:2017-09-12 11:12:40	thread:main	user:	X-Track:	level:DEBUG	logger:j.c.n.a.d.r.faretype.FareTypeRepository.findAll 	message:==> Parameters: 
date:2017-09-12 11:12:40	thread:main	user:	X-Track:	level:DEBUG	logger:jdbc.sqltiming                                  	message: sun.reflect.NativeMethodAccessorImpl.invoke0(NativeMethodAccessorImpl.java:-2)
2. SELECT
        fare_type_cd,
        fare_type_name,
        discount_rate,
        rsrv_available_start_day_num,
        rsrv_available_end_day_num,
        passenger_min_num
    FROM
        fare_type {executed in 54 msec}
date:2017-09-12 11:12:40	thread:main	user:	X-Track:	level:DEBUG	logger:j.c.n.a.d.r.faretype.FareTypeRepository.findAll 	message:<==      Total: 10
date:2017-09-12 11:12:40	thread:main	user:	X-Track:	level:DEBUG	logger:j.c.n.a.d.r.f.F.findAllFlightMaster             	message:==>  Preparing: SELECT fm.flight_name, fm.departure_time, fm.arrival_time, fm.craft_type, r.route_no, r.basic_fare, a_dep.airport_cd AS dep_airport_cd, a_dep.airport_name AS dep_airport_name, a_arr.airport_cd AS aar_airport_cd, a_arr.airport_name AS aar_airport_name FROM flight_master fm, route r, airport a_dep, airport a_arr WHERE fm.route_no = r.route_no AND r.dep_airport_cd = a_dep.airport_cd AND r.arr_airport_cd = a_arr.airport_cd 
date:2017-09-12 11:12:40	thread:main	user:	X-Track:	level:DEBUG	logger:j.c.n.a.d.r.f.F.findAllFlightMaster             	message:==> Parameters: 
date:2017-09-12 11:12:40	thread:main	user:	X-Track:	level:DEBUG	logger:jdbc.sqltiming                                  	message: sun.reflect.NativeMethodAccessorImpl.invoke0(NativeMethodAccessorImpl.java:-2)
3. SELECT
        fm.flight_name,
        fm.departure_time,
        fm.arrival_time,
        fm.craft_type,
        r.route_no,
        r.basic_fare,
        a_dep.airport_cd AS dep_airport_cd,
        a_dep.airport_name AS dep_airport_name,
        a_arr.airport_cd AS aar_airport_cd,
        a_arr.airport_name AS aar_airport_name
    FROM
        flight_master fm,
        route r,
        airport a_dep,
        airport a_arr
    WHERE 
        fm.route_no = r.route_no
    AND
        r.dep_airport_cd = a_dep.airport_cd
    AND
        r.arr_airport_cd = a_arr.airport_cd {executed in 313 msec}
date:2017-09-12 11:12:40	thread:main	user:	X-Track:	level:DEBUG	logger:j.c.n.a.d.r.f.F.findAllFlightMaster             	message:<==      Total: 126
date:2017-09-12 11:12:40	thread:main	user:	X-Track:	level:DEBUG	logger:j.c.n.a.d.r.peaktime.PeakTimeRepository.findAll 	message:==>  Preparing: SELECT peak_time_cd, peak_start_date, peak_end_date, multiplication_ratio FROM peak_time 
date:2017-09-12 11:12:40	thread:main	user:	X-Track:	level:DEBUG	logger:j.c.n.a.d.r.peaktime.PeakTimeRepository.findAll 	message:==> Parameters: 
date:2017-09-12 11:12:40	thread:main	user:	X-Track:	level:DEBUG	logger:jdbc.sqltiming                                  	message: sun.reflect.NativeMethodAccessorImpl.invoke0(NativeMethodAccessorImpl.java:-2)
4. SELECT
        peak_time_cd,
        peak_start_date,
        peak_end_date,
        multiplication_ratio
    FROM
        peak_time {executed in 43 msec}
date:2017-09-12 11:12:40	thread:main	user:	X-Track:	level:DEBUG	logger:j.c.n.a.d.r.peaktime.PeakTimeRepository.findAll 	message:<==      Total: 16
date:2017-09-12 11:12:40	thread:main	user:	X-Track:	level:DEBUG	logger:j.c.n.a.d.r.route.RouteRepository.findAll       	message:==>  Preparing: SELECT r.route_no, r.basic_fare, a_dep.airport_cd AS dep_airport_cd, a_dep.airport_name AS dep_airport_name, a_arr.airport_cd AS aar_airport_cd, a_arr.airport_name AS aar_airport_name FROM route r, airport a_dep, airport a_arr WHERE r.dep_airport_cd = a_dep.airport_cd AND r.arr_airport_cd = a_arr.airport_cd 
date:2017-09-12 11:12:40	thread:main	user:	X-Track:	level:DEBUG	logger:j.c.n.a.d.r.route.RouteRepository.findAll       	message:==> Parameters: 
date:2017-09-12 11:12:40	thread:main	user:	X-Track:	level:DEBUG	logger:jdbc.sqltiming                                  	message: sun.reflect.NativeMethodAccessorImpl.invoke0(NativeMethodAccessorImpl.java:-2)
5. SELECT
        r.route_no,
        r.basic_fare,
        a_dep.airport_cd AS dep_airport_cd,
        a_dep.airport_name AS dep_airport_name,
        a_arr.airport_cd AS aar_airport_cd,
        a_arr.airport_name AS aar_airport_name
    FROM
        route r,
        airport a_dep,
        airport a_arr
    WHERE
        r.dep_airport_cd = a_dep.airport_cd
    AND
        r.arr_airport_cd = a_arr.airport_cd {executed in 2 msec}
date:2017-09-12 11:12:40	thread:main	user:	X-Track:	level:DEBUG	logger:j.c.n.a.d.r.route.RouteRepository.findAll       	message:<==      Total: 20
date:2017-09-12 11:12:41	thread:main	user:	X-Track:	level:WARN 	logger:org.dozer.config.GlobalSettings                 	message:Dozer configuration file not found: dozer.properties.  Using defaults for all Dozer global properties.
date:2017-09-12 11:12:41	thread:main	user:	X-Track:	level:DEBUG	logger:jdbc.sqltiming                                  	message: com.ninja_squad.dbsetup.operation.SqlOperation.execute(SqlOperation.java:64)
7. update boarding_class set boarding_class_name = '一般席' where display_order = 1 {executed in 113 msec}
date:2017-09-12 11:12:42	thread:main	user:	X-Track:	level:DEBUG	logger:j.c.n.a.d.r.b.BoardingClassRepository.findAll   	message:==>  Preparing: SELECT boarding_class_cd, boarding_class_name, extra_charge FROM boarding_class 
date:2017-09-12 11:12:42	thread:main	user:	X-Track:	level:DEBUG	logger:j.c.n.a.d.r.b.BoardingClassRepository.findAll   	message:==> Parameters: 
date:2017-09-12 11:12:42	thread:main	user:	X-Track:	level:DEBUG	logger:jdbc.sqltiming                                  	message: sun.reflect.NativeMethodAccessorImpl.invoke0(NativeMethodAccessorImpl.java:-2)
6. SELECT
        boarding_class_cd,
        boarding_class_name,
        extra_charge
    FROM
        boarding_class {executed in 0 msec}
date:2017-09-12 11:12:42	thread:main	user:	X-Track:	level:DEBUG	logger:j.c.n.a.d.r.b.BoardingClassRepository.findAll   	message:<==      Total: 2
date:2017-09-12 11:41:32	thread:main	user:	X-Track:	level:DEBUG	logger:j.c.n.a.d.r.b.BoardingClassRepository.findAll   	message:==>  Preparing: SELECT boarding_class_cd, boarding_class_name, extra_charge FROM boarding_class 
date:2017-09-12 11:41:32	thread:main	user:	X-Track:	level:DEBUG	logger:j.c.n.a.d.r.b.BoardingClassRepository.findAll   	message:==> Parameters: 
date:2017-09-12 11:41:32	thread:main	user:	X-Track:	level:DEBUG	logger:jdbc.sqltiming                                  	message: sun.reflect.NativeMethodAccessorImpl.invoke0(NativeMethodAccessorImpl.java:-2)
1. SELECT
        boarding_class_cd,
        boarding_class_name,
        extra_charge
    FROM
        boarding_class {executed in 16 msec}
date:2017-09-12 11:41:32	thread:main	user:	X-Track:	level:DEBUG	logger:j.c.n.a.d.r.b.BoardingClassRepository.findAll   	message:<==      Total: 2
date:2017-09-12 11:41:33	thread:main	user:	X-Track:	level:DEBUG	logger:j.c.n.a.d.r.faretype.FareTypeRepository.findAll 	message:==>  Preparing: SELECT fare_type_cd, fare_type_name, discount_rate, rsrv_available_start_day_num, rsrv_available_end_day_num, passenger_min_num FROM fare_type 
date:2017-09-12 11:41:33	thread:main	user:	X-Track:	level:DEBUG	logger:j.c.n.a.d.r.faretype.FareTypeRepository.findAll 	message:==> Parameters: 
date:2017-09-12 11:41:33	thread:main	user:	X-Track:	level:DEBUG	logger:jdbc.sqltiming                                  	message: sun.reflect.NativeMethodAccessorImpl.invoke0(NativeMethodAccessorImpl.java:-2)
2. SELECT
        fare_type_cd,
        fare_type_name,
        discount_rate,
        rsrv_available_start_day_num,
        rsrv_available_end_day_num,
        passenger_min_num
    FROM
        fare_type {executed in 0 msec}
date:2017-09-12 11:41:33	thread:main	user:	X-Track:	level:DEBUG	logger:j.c.n.a.d.r.faretype.FareTypeRepository.findAll 	message:<==      Total: 10
date:2017-09-12 11:41:33	thread:main	user:	X-Track:	level:DEBUG	logger:j.c.n.a.d.r.f.F.findAllFlightMaster             	message:==>  Preparing: SELECT fm.flight_name, fm.departure_time, fm.arrival_time, fm.craft_type, r.route_no, r.basic_fare, a_dep.airport_cd AS dep_airport_cd, a_dep.airport_name AS dep_airport_name, a_arr.airport_cd AS aar_airport_cd, a_arr.airport_name AS aar_airport_name FROM flight_master fm, route r, airport a_dep, airport a_arr WHERE fm.route_no = r.route_no AND r.dep_airport_cd = a_dep.airport_cd AND r.arr_airport_cd = a_arr.airport_cd 
date:2017-09-12 11:41:33	thread:main	user:	X-Track:	level:DEBUG	logger:j.c.n.a.d.r.f.F.findAllFlightMaster             	message:==> Parameters: 
date:2017-09-12 11:41:33	thread:main	user:	X-Track:	level:DEBUG	logger:jdbc.sqltiming                                  	message: sun.reflect.NativeMethodAccessorImpl.invoke0(NativeMethodAccessorImpl.java:-2)
3. SELECT
        fm.flight_name,
        fm.departure_time,
        fm.arrival_time,
        fm.craft_type,
        r.route_no,
        r.basic_fare,
        a_dep.airport_cd AS dep_airport_cd,
        a_dep.airport_name AS dep_airport_name,
        a_arr.airport_cd AS aar_airport_cd,
        a_arr.airport_name AS aar_airport_name
    FROM
        flight_master fm,
        route r,
        airport a_dep,
        airport a_arr
    WHERE 
        fm.route_no = r.route_no
    AND
        r.dep_airport_cd = a_dep.airport_cd
    AND
        r.arr_airport_cd = a_arr.airport_cd {executed in 16 msec}
date:2017-09-12 11:41:33	thread:main	user:	X-Track:	level:DEBUG	logger:j.c.n.a.d.r.f.F.findAllFlightMaster             	message:<==      Total: 126
date:2017-09-12 11:41:33	thread:main	user:	X-Track:	level:DEBUG	logger:j.c.n.a.d.r.peaktime.PeakTimeRepository.findAll 	message:==>  Preparing: SELECT peak_time_cd, peak_start_date, peak_end_date, multiplication_ratio FROM peak_time 
date:2017-09-12 11:41:33	thread:main	user:	X-Track:	level:DEBUG	logger:j.c.n.a.d.r.peaktime.PeakTimeRepository.findAll 	message:==> Parameters: 
date:2017-09-12 11:41:33	thread:main	user:	X-Track:	level:DEBUG	logger:jdbc.sqltiming                                  	message: sun.reflect.NativeMethodAccessorImpl.invoke0(NativeMethodAccessorImpl.java:-2)
4. SELECT
        peak_time_cd,
        peak_start_date,
        peak_end_date,
        multiplication_ratio
    FROM
        peak_time {executed in 0 msec}
date:2017-09-12 11:41:33	thread:main	user:	X-Track:	level:DEBUG	logger:j.c.n.a.d.r.peaktime.PeakTimeRepository.findAll 	message:<==      Total: 16
date:2017-09-12 11:41:33	thread:main	user:	X-Track:	level:DEBUG	logger:j.c.n.a.d.r.route.RouteRepository.findAll       	message:==>  Preparing: SELECT r.route_no, r.basic_fare, a_dep.airport_cd AS dep_airport_cd, a_dep.airport_name AS dep_airport_name, a_arr.airport_cd AS aar_airport_cd, a_arr.airport_name AS aar_airport_name FROM route r, airport a_dep, airport a_arr WHERE r.dep_airport_cd = a_dep.airport_cd AND r.arr_airport_cd = a_arr.airport_cd 
date:2017-09-12 11:41:33	thread:main	user:	X-Track:	level:DEBUG	logger:j.c.n.a.d.r.route.RouteRepository.findAll       	message:==> Parameters: 
date:2017-09-12 11:41:33	thread:main	user:	X-Track:	level:DEBUG	logger:jdbc.sqltiming                                  	message: sun.reflect.NativeMethodAccessorImpl.invoke0(NativeMethodAccessorImpl.java:-2)
5. SELECT
        r.route_no,
        r.basic_fare,
        a_dep.airport_cd AS dep_airport_cd,
        a_dep.airport_name AS dep_airport_name,
        a_arr.airport_cd AS aar_airport_cd,
        a_arr.airport_name AS aar_airport_name
    FROM
        route r,
        airport a_dep,
        airport a_arr
    WHERE
        r.dep_airport_cd = a_dep.airport_cd
    AND
        r.arr_airport_cd = a_arr.airport_cd {executed in 0 msec}
date:2017-09-12 11:41:33	thread:main	user:	X-Track:	level:DEBUG	logger:j.c.n.a.d.r.route.RouteRepository.findAll       	message:<==      Total: 20
date:2017-09-12 11:41:33	thread:main	user:	X-Track:	level:WARN 	logger:org.dozer.config.GlobalSettings                 	message:Dozer configuration file not found: dozer.properties.  Using defaults for all Dozer global properties.
date:2017-09-12 11:41:34	thread:main	user:	X-Track:	level:DEBUG	logger:jdbc.sqltiming                                  	message: com.ninja_squad.dbsetup.operation.SqlOperation.execute(SqlOperation.java:64)
7. update boarding_class set boarding_class_name = '一般席' where display_order = 1 {executed in 0 msec}
date:2017-09-12 11:41:34	thread:main	user:	X-Track:	level:DEBUG	logger:jdbc.sqltiming                                  	message: org.assertj.db.type.Table.loadImpl(Table.java:853)
9. SELECT * FROM boarding_class {executed in 0 msec}
date:2017-09-12 11:41:52	thread:main	user:	X-Track:	level:DEBUG	logger:j.c.n.a.d.r.b.BoardingClassRepository.findAll   	message:==>  Preparing: SELECT boarding_class_cd, boarding_class_name, extra_charge FROM boarding_class 
date:2017-09-12 11:41:52	thread:main	user:	X-Track:	level:DEBUG	logger:j.c.n.a.d.r.b.BoardingClassRepository.findAll   	message:==> Parameters: 
date:2017-09-12 11:41:52	thread:main	user:	X-Track:	level:DEBUG	logger:jdbc.sqltiming                                  	message: sun.reflect.NativeMethodAccessorImpl.invoke0(NativeMethodAccessorImpl.java:-2)
1. SELECT
        boarding_class_cd,
        boarding_class_name,
        extra_charge
    FROM
        boarding_class {executed in 31 msec}
date:2017-09-12 11:41:52	thread:main	user:	X-Track:	level:DEBUG	logger:j.c.n.a.d.r.b.BoardingClassRepository.findAll   	message:<==      Total: 2
date:2017-09-12 11:41:52	thread:main	user:	X-Track:	level:DEBUG	logger:j.c.n.a.d.r.faretype.FareTypeRepository.findAll 	message:==>  Preparing: SELECT fare_type_cd, fare_type_name, discount_rate, rsrv_available_start_day_num, rsrv_available_end_day_num, passenger_min_num FROM fare_type 
date:2017-09-12 11:41:52	thread:main	user:	X-Track:	level:DEBUG	logger:j.c.n.a.d.r.faretype.FareTypeRepository.findAll 	message:==> Parameters: 
date:2017-09-12 11:41:52	thread:main	user:	X-Track:	level:DEBUG	logger:jdbc.sqltiming                                  	message: sun.reflect.NativeMethodAccessorImpl.invoke0(NativeMethodAccessorImpl.java:-2)
2. SELECT
        fare_type_cd,
        fare_type_name,
        discount_rate,
        rsrv_available_start_day_num,
        rsrv_available_end_day_num,
        passenger_min_num
    FROM
        fare_type {executed in 0 msec}
date:2017-09-12 11:41:52	thread:main	user:	X-Track:	level:DEBUG	logger:j.c.n.a.d.r.faretype.FareTypeRepository.findAll 	message:<==      Total: 10
date:2017-09-12 11:41:52	thread:main	user:	X-Track:	level:DEBUG	logger:j.c.n.a.d.r.f.F.findAllFlightMaster             	message:==>  Preparing: SELECT fm.flight_name, fm.departure_time, fm.arrival_time, fm.craft_type, r.route_no, r.basic_fare, a_dep.airport_cd AS dep_airport_cd, a_dep.airport_name AS dep_airport_name, a_arr.airport_cd AS aar_airport_cd, a_arr.airport_name AS aar_airport_name FROM flight_master fm, route r, airport a_dep, airport a_arr WHERE fm.route_no = r.route_no AND r.dep_airport_cd = a_dep.airport_cd AND r.arr_airport_cd = a_arr.airport_cd 
date:2017-09-12 11:41:52	thread:main	user:	X-Track:	level:DEBUG	logger:j.c.n.a.d.r.f.F.findAllFlightMaster             	message:==> Parameters: 
date:2017-09-12 11:41:52	thread:main	user:	X-Track:	level:DEBUG	logger:jdbc.sqltiming                                  	message: sun.reflect.NativeMethodAccessorImpl.invoke0(NativeMethodAccessorImpl.java:-2)
3. SELECT
        fm.flight_name,
        fm.departure_time,
        fm.arrival_time,
        fm.craft_type,
        r.route_no,
        r.basic_fare,
        a_dep.airport_cd AS dep_airport_cd,
        a_dep.airport_name AS dep_airport_name,
        a_arr.airport_cd AS aar_airport_cd,
        a_arr.airport_name AS aar_airport_name
    FROM
        flight_master fm,
        route r,
        airport a_dep,
        airport a_arr
    WHERE 
        fm.route_no = r.route_no
    AND
        r.dep_airport_cd = a_dep.airport_cd
    AND
        r.arr_airport_cd = a_arr.airport_cd {executed in 0 msec}
date:2017-09-12 11:41:52	thread:main	user:	X-Track:	level:DEBUG	logger:j.c.n.a.d.r.f.F.findAllFlightMaster             	message:<==      Total: 126
date:2017-09-12 11:41:52	thread:main	user:	X-Track:	level:DEBUG	logger:j.c.n.a.d.r.peaktime.PeakTimeRepository.findAll 	message:==>  Preparing: SELECT peak_time_cd, peak_start_date, peak_end_date, multiplication_ratio FROM peak_time 
date:2017-09-12 11:41:52	thread:main	user:	X-Track:	level:DEBUG	logger:j.c.n.a.d.r.peaktime.PeakTimeRepository.findAll 	message:==> Parameters: 
date:2017-09-12 11:41:52	thread:main	user:	X-Track:	level:DEBUG	logger:jdbc.sqltiming                                  	message: sun.reflect.NativeMethodAccessorImpl.invoke0(NativeMethodAccessorImpl.java:-2)
4. SELECT
        peak_time_cd,
        peak_start_date,
        peak_end_date,
        multiplication_ratio
    FROM
        peak_time {executed in 0 msec}
date:2017-09-12 11:41:52	thread:main	user:	X-Track:	level:DEBUG	logger:j.c.n.a.d.r.peaktime.PeakTimeRepository.findAll 	message:<==      Total: 16
date:2017-09-12 11:41:52	thread:main	user:	X-Track:	level:DEBUG	logger:j.c.n.a.d.r.route.RouteRepository.findAll       	message:==>  Preparing: SELECT r.route_no, r.basic_fare, a_dep.airport_cd AS dep_airport_cd, a_dep.airport_name AS dep_airport_name, a_arr.airport_cd AS aar_airport_cd, a_arr.airport_name AS aar_airport_name FROM route r, airport a_dep, airport a_arr WHERE r.dep_airport_cd = a_dep.airport_cd AND r.arr_airport_cd = a_arr.airport_cd 
date:2017-09-12 11:41:52	thread:main	user:	X-Track:	level:DEBUG	logger:j.c.n.a.d.r.route.RouteRepository.findAll       	message:==> Parameters: 
date:2017-09-12 11:41:52	thread:main	user:	X-Track:	level:DEBUG	logger:jdbc.sqltiming                                  	message: sun.reflect.NativeMethodAccessorImpl.invoke0(NativeMethodAccessorImpl.java:-2)
5. SELECT
        r.route_no,
        r.basic_fare,
        a_dep.airport_cd AS dep_airport_cd,
        a_dep.airport_name AS dep_airport_name,
        a_arr.airport_cd AS aar_airport_cd,
        a_arr.airport_name AS aar_airport_name
    FROM
        route r,
        airport a_dep,
        airport a_arr
    WHERE
        r.dep_airport_cd = a_dep.airport_cd
    AND
        r.arr_airport_cd = a_arr.airport_cd {executed in 0 msec}
date:2017-09-12 11:41:52	thread:main	user:	X-Track:	level:DEBUG	logger:j.c.n.a.d.r.route.RouteRepository.findAll       	message:<==      Total: 20
date:2017-09-12 11:41:53	thread:main	user:	X-Track:	level:WARN 	logger:org.dozer.config.GlobalSettings                 	message:Dozer configuration file not found: dozer.properties.  Using defaults for all Dozer global properties.
date:2017-09-12 11:41:54	thread:main	user:	X-Track:	level:DEBUG	logger:jdbc.sqltiming                                  	message: com.ninja_squad.dbsetup.operation.SqlOperation.execute(SqlOperation.java:64)
7. update boarding_class set boarding_class_name = '一般席' where display_order = 1 {executed in 16 msec}
date:2017-09-12 11:41:54	thread:main	user:	X-Track:	level:DEBUG	logger:jdbc.sqltiming                                  	message: org.assertj.db.type.Table.loadImpl(Table.java:853)
9. SELECT * FROM boarding_class {executed in 0 msec}
date:2017-09-12 11:41:54	thread:main	user:	X-Track:	level:DEBUG	logger:j.c.n.a.d.r.b.BoardingClassRepository.findAll   	message:==>  Preparing: SELECT boarding_class_cd, boarding_class_name, extra_charge FROM boarding_class 
date:2017-09-12 11:41:54	thread:main	user:	X-Track:	level:DEBUG	logger:j.c.n.a.d.r.b.BoardingClassRepository.findAll   	message:==> Parameters: 
date:2017-09-12 11:41:54	thread:main	user:	X-Track:	level:DEBUG	logger:jdbc.sqltiming                                  	message: sun.reflect.NativeMethodAccessorImpl.invoke0(NativeMethodAccessorImpl.java:-2)
6. SELECT
        boarding_class_cd,
        boarding_class_name,
        extra_charge
    FROM
        boarding_class {executed in 0 msec}
date:2017-09-12 11:41:54	thread:main	user:	X-Track:	level:DEBUG	logger:j.c.n.a.d.r.b.BoardingClassRepository.findAll   	message:<==      Total: 2
date:2017-09-12 13:23:43	thread:main	user:	X-Track:	level:DEBUG	logger:j.c.n.a.d.r.b.BoardingClassRepository.findAll   	message:==>  Preparing: SELECT boarding_class_cd, boarding_class_name, extra_charge FROM boarding_class 
date:2017-09-12 13:23:43	thread:main	user:	X-Track:	level:DEBUG	logger:j.c.n.a.d.r.b.BoardingClassRepository.findAll   	message:==> Parameters: 
date:2017-09-12 13:23:43	thread:main	user:	X-Track:	level:DEBUG	logger:jdbc.sqltiming                                  	message: sun.reflect.NativeMethodAccessorImpl.invoke0(NativeMethodAccessorImpl.java:-2)
1. SELECT
        boarding_class_cd,
        boarding_class_name,
        extra_charge
    FROM
        boarding_class {executed in 17 msec}
date:2017-09-12 13:23:43	thread:main	user:	X-Track:	level:DEBUG	logger:j.c.n.a.d.r.b.BoardingClassRepository.findAll   	message:<==      Total: 2
date:2017-09-12 13:23:43	thread:main	user:	X-Track:	level:DEBUG	logger:j.c.n.a.d.r.faretype.FareTypeRepository.findAll 	message:==>  Preparing: SELECT fare_type_cd, fare_type_name, discount_rate, rsrv_available_start_day_num, rsrv_available_end_day_num, passenger_min_num FROM fare_type 
date:2017-09-12 13:23:43	thread:main	user:	X-Track:	level:DEBUG	logger:j.c.n.a.d.r.faretype.FareTypeRepository.findAll 	message:==> Parameters: 
date:2017-09-12 13:23:43	thread:main	user:	X-Track:	level:DEBUG	logger:jdbc.sqltiming                                  	message: sun.reflect.NativeMethodAccessorImpl.invoke0(NativeMethodAccessorImpl.java:-2)
2. SELECT
        fare_type_cd,
        fare_type_name,
        discount_rate,
        rsrv_available_start_day_num,
        rsrv_available_end_day_num,
        passenger_min_num
    FROM
        fare_type {executed in 2 msec}
date:2017-09-12 13:23:43	thread:main	user:	X-Track:	level:DEBUG	logger:j.c.n.a.d.r.faretype.FareTypeRepository.findAll 	message:<==      Total: 10
date:2017-09-12 13:23:43	thread:main	user:	X-Track:	level:DEBUG	logger:j.c.n.a.d.r.f.F.findAllFlightMaster             	message:==>  Preparing: SELECT fm.flight_name, fm.departure_time, fm.arrival_time, fm.craft_type, r.route_no, r.basic_fare, a_dep.airport_cd AS dep_airport_cd, a_dep.airport_name AS dep_airport_name, a_arr.airport_cd AS aar_airport_cd, a_arr.airport_name AS aar_airport_name FROM flight_master fm, route r, airport a_dep, airport a_arr WHERE fm.route_no = r.route_no AND r.dep_airport_cd = a_dep.airport_cd AND r.arr_airport_cd = a_arr.airport_cd 
date:2017-09-12 13:23:43	thread:main	user:	X-Track:	level:DEBUG	logger:j.c.n.a.d.r.f.F.findAllFlightMaster             	message:==> Parameters: 
date:2017-09-12 13:23:43	thread:main	user:	X-Track:	level:DEBUG	logger:jdbc.sqltiming                                  	message: sun.reflect.NativeMethodAccessorImpl.invoke0(NativeMethodAccessorImpl.java:-2)
3. SELECT
        fm.flight_name,
        fm.departure_time,
        fm.arrival_time,
        fm.craft_type,
        r.route_no,
        r.basic_fare,
        a_dep.airport_cd AS dep_airport_cd,
        a_dep.airport_name AS dep_airport_name,
        a_arr.airport_cd AS aar_airport_cd,
        a_arr.airport_name AS aar_airport_name
    FROM
        flight_master fm,
        route r,
        airport a_dep,
        airport a_arr
    WHERE 
        fm.route_no = r.route_no
    AND
        r.dep_airport_cd = a_dep.airport_cd
    AND
        r.arr_airport_cd = a_arr.airport_cd {executed in 5 msec}
date:2017-09-12 13:23:43	thread:main	user:	X-Track:	level:DEBUG	logger:j.c.n.a.d.r.f.F.findAllFlightMaster             	message:<==      Total: 126
date:2017-09-12 13:23:43	thread:main	user:	X-Track:	level:DEBUG	logger:j.c.n.a.d.r.peaktime.PeakTimeRepository.findAll 	message:==>  Preparing: SELECT peak_time_cd, peak_start_date, peak_end_date, multiplication_ratio FROM peak_time 
date:2017-09-12 13:23:43	thread:main	user:	X-Track:	level:DEBUG	logger:j.c.n.a.d.r.peaktime.PeakTimeRepository.findAll 	message:==> Parameters: 
date:2017-09-12 13:23:43	thread:main	user:	X-Track:	level:DEBUG	logger:jdbc.sqltiming                                  	message: sun.reflect.NativeMethodAccessorImpl.invoke0(NativeMethodAccessorImpl.java:-2)
4. SELECT
        peak_time_cd,
        peak_start_date,
        peak_end_date,
        multiplication_ratio
    FROM
        peak_time {executed in 2 msec}
date:2017-09-12 13:23:43	thread:main	user:	X-Track:	level:DEBUG	logger:j.c.n.a.d.r.peaktime.PeakTimeRepository.findAll 	message:<==      Total: 16
date:2017-09-12 13:23:43	thread:main	user:	X-Track:	level:DEBUG	logger:j.c.n.a.d.r.route.RouteRepository.findAll       	message:==>  Preparing: SELECT r.route_no, r.basic_fare, a_dep.airport_cd AS dep_airport_cd, a_dep.airport_name AS dep_airport_name, a_arr.airport_cd AS aar_airport_cd, a_arr.airport_name AS aar_airport_name FROM route r, airport a_dep, airport a_arr WHERE r.dep_airport_cd = a_dep.airport_cd AND r.arr_airport_cd = a_arr.airport_cd 
date:2017-09-12 13:23:43	thread:main	user:	X-Track:	level:DEBUG	logger:j.c.n.a.d.r.route.RouteRepository.findAll       	message:==> Parameters: 
date:2017-09-12 13:23:43	thread:main	user:	X-Track:	level:DEBUG	logger:jdbc.sqltiming                                  	message: sun.reflect.NativeMethodAccessorImpl.invoke0(NativeMethodAccessorImpl.java:-2)
5. SELECT
        r.route_no,
        r.basic_fare,
        a_dep.airport_cd AS dep_airport_cd,
        a_dep.airport_name AS dep_airport_name,
        a_arr.airport_cd AS aar_airport_cd,
        a_arr.airport_name AS aar_airport_name
    FROM
        route r,
        airport a_dep,
        airport a_arr
    WHERE
        r.dep_airport_cd = a_dep.airport_cd
    AND
        r.arr_airport_cd = a_arr.airport_cd {executed in 1 msec}
date:2017-09-12 13:23:43	thread:main	user:	X-Track:	level:DEBUG	logger:j.c.n.a.d.r.route.RouteRepository.findAll       	message:<==      Total: 20
date:2017-09-12 13:23:43	thread:main	user:	X-Track:	level:WARN 	logger:org.dozer.config.GlobalSettings                 	message:Dozer configuration file not found: dozer.properties.  Using defaults for all Dozer global properties.
date:2017-09-12 13:23:44	thread:main	user:	X-Track:	level:DEBUG	logger:j.c.n.a.d.r.f.F.findByVacantSeatSearchCriteria  	message:==>  Preparing: SELECT f.departure_date, f.flight_name, f.fare_type_cd, f.vacant_num, f.boarding_class_cd FROM flight f, fare_type ft, flight_master fm, route r WHERE f.fare_type_cd = ft.fare_type_cd AND f.fare_type_cd IN ( ? , ? , ? , ? , ? , ? , ? , ? , ? , ? ) AND f.flight_name = fm.flight_name AND fm.route_no = r.route_no AND r.dep_airport_cd = ? AND r.arr_airport_cd = ? AND f.departure_date = ? AND f.boarding_class_cd = ? AND ? BETWEEN ft.rsrv_available_end_day_num AND ft.rsrv_available_start_day_num ORDER BY ft.display_order ASC, fm.departure_time ASC 
date:2017-09-12 13:23:44	thread:main	user:	X-Track:	level:DEBUG	logger:j.c.n.a.d.r.f.F.findByVacantSeatSearchCriteria  	message:==> Parameters: OW(String), RT(String), RD1(String), RD7(String), ED(String), LD(String), GD(String), SOW(String), SRT(String), SRD(String), HND(String), ITM(String), 1970-01-01 00:00:00.0(Timestamp), N(String), 2(Integer)
date:2017-09-12 13:23:44	thread:main	user:	X-Track:	level:DEBUG	logger:jdbc.sqltiming                                  	message: sun.reflect.NativeMethodAccessorImpl.invoke0(NativeMethodAccessorImpl.java:-2)
6. SELECT
        f.departure_date,
        f.flight_name,
        f.fare_type_cd,
        f.vacant_num,
        f.boarding_class_cd
    FROM
        flight f,
        fare_type ft,
        flight_master fm,
        route r
    WHERE
         f.fare_type_cd = ft.fare_type_cd
    AND
         f.fare_type_cd IN
          (  
             'OW'
          , 
             'RT'
          , 
             'RD1'
          , 
             'RD7'
          , 
             'ED'
          , 
             'LD'
          , 
             'GD'
          , 
             'SOW'
          , 
             'SRT'
          , 
             'SRD'
          ) 
    AND
         f.flight_name = fm.flight_name
    AND
         fm.route_no = r.route_no
    AND
         r.dep_airport_cd = 'HND'
    AND
         r.arr_airport_cd = 'ITM'
    AND
         f.departure_date = '01/01/1970 00:00:00.000'
    AND
         f.boarding_class_cd = 'N'
    AND
         2 BETWEEN ft.rsrv_available_end_day_num AND ft.rsrv_available_start_day_num
    ORDER BY
        ft.display_order ASC,
        fm.departure_time ASC {executed in 4 msec}
date:2017-09-12 13:23:44	thread:main	user:	X-Track:	level:DEBUG	logger:j.c.n.a.d.r.f.F.findByVacantSeatSearchCriteria  	message:<==      Total: 0
date:2017-09-12 13:28:57	thread:main	user:	X-Track:	level:DEBUG	logger:j.c.n.a.d.r.b.BoardingClassRepository.findAll   	message:==>  Preparing: SELECT boarding_class_cd, boarding_class_name, extra_charge FROM boarding_class 
date:2017-09-12 13:28:57	thread:main	user:	X-Track:	level:DEBUG	logger:j.c.n.a.d.r.b.BoardingClassRepository.findAll   	message:==> Parameters: 
date:2017-09-12 13:28:57	thread:main	user:	X-Track:	level:DEBUG	logger:jdbc.sqltiming                                  	message: sun.reflect.NativeMethodAccessorImpl.invoke0(NativeMethodAccessorImpl.java:-2)
1. SELECT
        boarding_class_cd,
        boarding_class_name,
        extra_charge
    FROM
        boarding_class {executed in 18 msec}
date:2017-09-12 13:28:57	thread:main	user:	X-Track:	level:DEBUG	logger:j.c.n.a.d.r.b.BoardingClassRepository.findAll   	message:<==      Total: 2
date:2017-09-12 13:28:57	thread:main	user:	X-Track:	level:DEBUG	logger:j.c.n.a.d.r.faretype.FareTypeRepository.findAll 	message:==>  Preparing: SELECT fare_type_cd, fare_type_name, discount_rate, rsrv_available_start_day_num, rsrv_available_end_day_num, passenger_min_num FROM fare_type 
date:2017-09-12 13:28:57	thread:main	user:	X-Track:	level:DEBUG	logger:j.c.n.a.d.r.faretype.FareTypeRepository.findAll 	message:==> Parameters: 
date:2017-09-12 13:28:57	thread:main	user:	X-Track:	level:DEBUG	logger:jdbc.sqltiming                                  	message: sun.reflect.NativeMethodAccessorImpl.invoke0(NativeMethodAccessorImpl.java:-2)
2. SELECT
        fare_type_cd,
        fare_type_name,
        discount_rate,
        rsrv_available_start_day_num,
        rsrv_available_end_day_num,
        passenger_min_num
    FROM
        fare_type {executed in 2 msec}
date:2017-09-12 13:28:57	thread:main	user:	X-Track:	level:DEBUG	logger:j.c.n.a.d.r.faretype.FareTypeRepository.findAll 	message:<==      Total: 10
date:2017-09-12 13:28:57	thread:main	user:	X-Track:	level:DEBUG	logger:j.c.n.a.d.r.f.F.findAllFlightMaster             	message:==>  Preparing: SELECT fm.flight_name, fm.departure_time, fm.arrival_time, fm.craft_type, r.route_no, r.basic_fare, a_dep.airport_cd AS dep_airport_cd, a_dep.airport_name AS dep_airport_name, a_arr.airport_cd AS aar_airport_cd, a_arr.airport_name AS aar_airport_name FROM flight_master fm, route r, airport a_dep, airport a_arr WHERE fm.route_no = r.route_no AND r.dep_airport_cd = a_dep.airport_cd AND r.arr_airport_cd = a_arr.airport_cd 
date:2017-09-12 13:28:57	thread:main	user:	X-Track:	level:DEBUG	logger:j.c.n.a.d.r.f.F.findAllFlightMaster             	message:==> Parameters: 
date:2017-09-12 13:28:57	thread:main	user:	X-Track:	level:DEBUG	logger:jdbc.sqltiming                                  	message: sun.reflect.NativeMethodAccessorImpl.invoke0(NativeMethodAccessorImpl.java:-2)
3. SELECT
        fm.flight_name,
        fm.departure_time,
        fm.arrival_time,
        fm.craft_type,
        r.route_no,
        r.basic_fare,
        a_dep.airport_cd AS dep_airport_cd,
        a_dep.airport_name AS dep_airport_name,
        a_arr.airport_cd AS aar_airport_cd,
        a_arr.airport_name AS aar_airport_name
    FROM
        flight_master fm,
        route r,
        airport a_dep,
        airport a_arr
    WHERE 
        fm.route_no = r.route_no
    AND
        r.dep_airport_cd = a_dep.airport_cd
    AND
        r.arr_airport_cd = a_arr.airport_cd {executed in 5 msec}
date:2017-09-12 13:28:57	thread:main	user:	X-Track:	level:DEBUG	logger:j.c.n.a.d.r.f.F.findAllFlightMaster             	message:<==      Total: 126
date:2017-09-12 13:28:57	thread:main	user:	X-Track:	level:DEBUG	logger:j.c.n.a.d.r.peaktime.PeakTimeRepository.findAll 	message:==>  Preparing: SELECT peak_time_cd, peak_start_date, peak_end_date, multiplication_ratio FROM peak_time 
date:2017-09-12 13:28:57	thread:main	user:	X-Track:	level:DEBUG	logger:j.c.n.a.d.r.peaktime.PeakTimeRepository.findAll 	message:==> Parameters: 
date:2017-09-12 13:28:57	thread:main	user:	X-Track:	level:DEBUG	logger:jdbc.sqltiming                                  	message: sun.reflect.NativeMethodAccessorImpl.invoke0(NativeMethodAccessorImpl.java:-2)
4. SELECT
        peak_time_cd,
        peak_start_date,
        peak_end_date,
        multiplication_ratio
    FROM
        peak_time {executed in 1 msec}
date:2017-09-12 13:28:57	thread:main	user:	X-Track:	level:DEBUG	logger:j.c.n.a.d.r.peaktime.PeakTimeRepository.findAll 	message:<==      Total: 16
date:2017-09-12 13:28:57	thread:main	user:	X-Track:	level:DEBUG	logger:j.c.n.a.d.r.route.RouteRepository.findAll       	message:==>  Preparing: SELECT r.route_no, r.basic_fare, a_dep.airport_cd AS dep_airport_cd, a_dep.airport_name AS dep_airport_name, a_arr.airport_cd AS aar_airport_cd, a_arr.airport_name AS aar_airport_name FROM route r, airport a_dep, airport a_arr WHERE r.dep_airport_cd = a_dep.airport_cd AND r.arr_airport_cd = a_arr.airport_cd 
date:2017-09-12 13:28:57	thread:main	user:	X-Track:	level:DEBUG	logger:j.c.n.a.d.r.route.RouteRepository.findAll       	message:==> Parameters: 
date:2017-09-12 13:28:57	thread:main	user:	X-Track:	level:DEBUG	logger:jdbc.sqltiming                                  	message: sun.reflect.NativeMethodAccessorImpl.invoke0(NativeMethodAccessorImpl.java:-2)
5. SELECT
        r.route_no,
        r.basic_fare,
        a_dep.airport_cd AS dep_airport_cd,
        a_dep.airport_name AS dep_airport_name,
        a_arr.airport_cd AS aar_airport_cd,
        a_arr.airport_name AS aar_airport_name
    FROM
        route r,
        airport a_dep,
        airport a_arr
    WHERE
        r.dep_airport_cd = a_dep.airport_cd
    AND
        r.arr_airport_cd = a_arr.airport_cd {executed in 2 msec}
date:2017-09-12 13:28:57	thread:main	user:	X-Track:	level:DEBUG	logger:j.c.n.a.d.r.route.RouteRepository.findAll       	message:<==      Total: 20
date:2017-09-12 13:28:57	thread:main	user:	X-Track:	level:WARN 	logger:org.dozer.config.GlobalSettings                 	message:Dozer configuration file not found: dozer.properties.  Using defaults for all Dozer global properties.
date:2017-09-12 13:28:58	thread:main	user:	X-Track:	level:DEBUG	logger:j.c.n.a.d.r.f.F.findByVacantSeatSearchCriteria  	message:==>  Preparing: SELECT f.departure_date, f.flight_name, f.fare_type_cd, f.vacant_num, f.boarding_class_cd FROM flight f, fare_type ft, flight_master fm, route r WHERE f.fare_type_cd = ft.fare_type_cd AND f.fare_type_cd IN ( ? , ? , ? , ? , ? , ? , ? , ? , ? , ? ) AND f.flight_name = fm.flight_name AND fm.route_no = r.route_no AND r.dep_airport_cd = ? AND r.arr_airport_cd = ? AND f.departure_date = ? AND f.boarding_class_cd = ? AND ? BETWEEN ft.rsrv_available_end_day_num AND ft.rsrv_available_start_day_num ORDER BY ft.display_order ASC, fm.departure_time ASC 
date:2017-09-12 13:28:58	thread:main	user:	X-Track:	level:DEBUG	logger:j.c.n.a.d.r.f.F.findByVacantSeatSearchCriteria  	message:==> Parameters: OW(String), RT(String), RD1(String), RD7(String), ED(String), LD(String), GD(String), SOW(String), SRT(String), SRD(String), HND(String), ITM(String), 2017-09-12 13:28:58.084(Timestamp), N(String), 2(Integer)
date:2017-09-12 13:28:58	thread:main	user:	X-Track:	level:DEBUG	logger:jdbc.sqltiming                                  	message: sun.reflect.NativeMethodAccessorImpl.invoke0(NativeMethodAccessorImpl.java:-2)
6. SELECT
        f.departure_date,
        f.flight_name,
        f.fare_type_cd,
        f.vacant_num,
        f.boarding_class_cd
    FROM
        flight f,
        fare_type ft,
        flight_master fm,
        route r
    WHERE
         f.fare_type_cd = ft.fare_type_cd
    AND
         f.fare_type_cd IN
          (  
             'OW'
          , 
             'RT'
          , 
             'RD1'
          , 
             'RD7'
          , 
             'ED'
          , 
             'LD'
          , 
             'GD'
          , 
             'SOW'
          , 
             'SRT'
          , 
             'SRD'
          ) 
    AND
         f.flight_name = fm.flight_name
    AND
         fm.route_no = r.route_no
    AND
         r.dep_airport_cd = 'HND'
    AND
         r.arr_airport_cd = 'ITM'
    AND
         f.departure_date = '09/12/2017 13:28:58.084'
    AND
         f.boarding_class_cd = 'N'
    AND
         2 BETWEEN ft.rsrv_available_end_day_num AND ft.rsrv_available_start_day_num
    ORDER BY
        ft.display_order ASC,
        fm.departure_time ASC {executed in 5 msec}
date:2017-09-12 13:28:58	thread:main	user:	X-Track:	level:DEBUG	logger:j.c.n.a.d.r.f.F.findByVacantSeatSearchCriteria  	message:<==      Total: 90
date:2017-09-12 13:29:21	thread:main	user:	X-Track:	level:DEBUG	logger:j.c.n.a.d.r.b.BoardingClassRepository.findAll   	message:==>  Preparing: SELECT boarding_class_cd, boarding_class_name, extra_charge FROM boarding_class 
date:2017-09-12 13:29:21	thread:main	user:	X-Track:	level:DEBUG	logger:j.c.n.a.d.r.b.BoardingClassRepository.findAll   	message:==> Parameters: 
date:2017-09-12 13:29:21	thread:main	user:	X-Track:	level:DEBUG	logger:jdbc.sqltiming                                  	message: sun.reflect.NativeMethodAccessorImpl.invoke0(NativeMethodAccessorImpl.java:-2)
1. SELECT
        boarding_class_cd,
        boarding_class_name,
        extra_charge
    FROM
        boarding_class {executed in 17 msec}
date:2017-09-12 13:29:21	thread:main	user:	X-Track:	level:DEBUG	logger:j.c.n.a.d.r.b.BoardingClassRepository.findAll   	message:<==      Total: 2
date:2017-09-12 13:29:22	thread:main	user:	X-Track:	level:DEBUG	logger:j.c.n.a.d.r.faretype.FareTypeRepository.findAll 	message:==>  Preparing: SELECT fare_type_cd, fare_type_name, discount_rate, rsrv_available_start_day_num, rsrv_available_end_day_num, passenger_min_num FROM fare_type 
date:2017-09-12 13:29:22	thread:main	user:	X-Track:	level:DEBUG	logger:j.c.n.a.d.r.faretype.FareTypeRepository.findAll 	message:==> Parameters: 
date:2017-09-12 13:29:22	thread:main	user:	X-Track:	level:DEBUG	logger:jdbc.sqltiming                                  	message: sun.reflect.NativeMethodAccessorImpl.invoke0(NativeMethodAccessorImpl.java:-2)
2. SELECT
        fare_type_cd,
        fare_type_name,
        discount_rate,
        rsrv_available_start_day_num,
        rsrv_available_end_day_num,
        passenger_min_num
    FROM
        fare_type {executed in 1 msec}
date:2017-09-12 13:29:22	thread:main	user:	X-Track:	level:DEBUG	logger:j.c.n.a.d.r.faretype.FareTypeRepository.findAll 	message:<==      Total: 10
date:2017-09-12 13:29:22	thread:main	user:	X-Track:	level:DEBUG	logger:j.c.n.a.d.r.f.F.findAllFlightMaster             	message:==>  Preparing: SELECT fm.flight_name, fm.departure_time, fm.arrival_time, fm.craft_type, r.route_no, r.basic_fare, a_dep.airport_cd AS dep_airport_cd, a_dep.airport_name AS dep_airport_name, a_arr.airport_cd AS aar_airport_cd, a_arr.airport_name AS aar_airport_name FROM flight_master fm, route r, airport a_dep, airport a_arr WHERE fm.route_no = r.route_no AND r.dep_airport_cd = a_dep.airport_cd AND r.arr_airport_cd = a_arr.airport_cd 
date:2017-09-12 13:29:22	thread:main	user:	X-Track:	level:DEBUG	logger:j.c.n.a.d.r.f.F.findAllFlightMaster             	message:==> Parameters: 
date:2017-09-12 13:29:22	thread:main	user:	X-Track:	level:DEBUG	logger:jdbc.sqltiming                                  	message: sun.reflect.NativeMethodAccessorImpl.invoke0(NativeMethodAccessorImpl.java:-2)
3. SELECT
        fm.flight_name,
        fm.departure_time,
        fm.arrival_time,
        fm.craft_type,
        r.route_no,
        r.basic_fare,
        a_dep.airport_cd AS dep_airport_cd,
        a_dep.airport_name AS dep_airport_name,
        a_arr.airport_cd AS aar_airport_cd,
        a_arr.airport_name AS aar_airport_name
    FROM
        flight_master fm,
        route r,
        airport a_dep,
        airport a_arr
    WHERE 
        fm.route_no = r.route_no
    AND
        r.dep_airport_cd = a_dep.airport_cd
    AND
        r.arr_airport_cd = a_arr.airport_cd {executed in 4 msec}
date:2017-09-12 13:29:22	thread:main	user:	X-Track:	level:DEBUG	logger:j.c.n.a.d.r.f.F.findAllFlightMaster             	message:<==      Total: 126
date:2017-09-12 13:29:22	thread:main	user:	X-Track:	level:DEBUG	logger:j.c.n.a.d.r.peaktime.PeakTimeRepository.findAll 	message:==>  Preparing: SELECT peak_time_cd, peak_start_date, peak_end_date, multiplication_ratio FROM peak_time 
date:2017-09-12 13:29:22	thread:main	user:	X-Track:	level:DEBUG	logger:j.c.n.a.d.r.peaktime.PeakTimeRepository.findAll 	message:==> Parameters: 
date:2017-09-12 13:29:22	thread:main	user:	X-Track:	level:DEBUG	logger:jdbc.sqltiming                                  	message: sun.reflect.NativeMethodAccessorImpl.invoke0(NativeMethodAccessorImpl.java:-2)
4. SELECT
        peak_time_cd,
        peak_start_date,
        peak_end_date,
        multiplication_ratio
    FROM
        peak_time {executed in 1 msec}
date:2017-09-12 13:29:22	thread:main	user:	X-Track:	level:DEBUG	logger:j.c.n.a.d.r.peaktime.PeakTimeRepository.findAll 	message:<==      Total: 16
date:2017-09-12 13:29:22	thread:main	user:	X-Track:	level:DEBUG	logger:j.c.n.a.d.r.route.RouteRepository.findAll       	message:==>  Preparing: SELECT r.route_no, r.basic_fare, a_dep.airport_cd AS dep_airport_cd, a_dep.airport_name AS dep_airport_name, a_arr.airport_cd AS aar_airport_cd, a_arr.airport_name AS aar_airport_name FROM route r, airport a_dep, airport a_arr WHERE r.dep_airport_cd = a_dep.airport_cd AND r.arr_airport_cd = a_arr.airport_cd 
date:2017-09-12 13:29:22	thread:main	user:	X-Track:	level:DEBUG	logger:j.c.n.a.d.r.route.RouteRepository.findAll       	message:==> Parameters: 
date:2017-09-12 13:29:22	thread:main	user:	X-Track:	level:DEBUG	logger:jdbc.sqltiming                                  	message: sun.reflect.NativeMethodAccessorImpl.invoke0(NativeMethodAccessorImpl.java:-2)
5. SELECT
        r.route_no,
        r.basic_fare,
        a_dep.airport_cd AS dep_airport_cd,
        a_dep.airport_name AS dep_airport_name,
        a_arr.airport_cd AS aar_airport_cd,
        a_arr.airport_name AS aar_airport_name
    FROM
        route r,
        airport a_dep,
        airport a_arr
    WHERE
        r.dep_airport_cd = a_dep.airport_cd
    AND
        r.arr_airport_cd = a_arr.airport_cd {executed in 1 msec}
date:2017-09-12 13:29:22	thread:main	user:	X-Track:	level:DEBUG	logger:j.c.n.a.d.r.route.RouteRepository.findAll       	message:<==      Total: 20
date:2017-09-12 13:29:22	thread:main	user:	X-Track:	level:WARN 	logger:org.dozer.config.GlobalSettings                 	message:Dozer configuration file not found: dozer.properties.  Using defaults for all Dozer global properties.
date:2017-09-12 13:29:22	thread:main	user:	X-Track:	level:DEBUG	logger:j.c.n.a.d.r.f.F.findByVacantSeatSearchCriteria  	message:==>  Preparing: SELECT f.departure_date, f.flight_name, f.fare_type_cd, f.vacant_num, f.boarding_class_cd FROM flight f, fare_type ft, flight_master fm, route r WHERE f.fare_type_cd = ft.fare_type_cd AND f.fare_type_cd IN ( ? , ? , ? , ? , ? , ? , ? , ? , ? , ? ) AND f.flight_name = fm.flight_name AND fm.route_no = r.route_no AND r.dep_airport_cd = ? AND r.arr_airport_cd = ? AND f.departure_date = ? AND f.boarding_class_cd = ? AND ? BETWEEN ft.rsrv_available_end_day_num AND ft.rsrv_available_start_day_num ORDER BY ft.display_order ASC, fm.departure_time ASC 
date:2017-09-12 13:29:22	thread:main	user:	X-Track:	level:DEBUG	logger:j.c.n.a.d.r.f.F.findByVacantSeatSearchCriteria  	message:==> Parameters: OW(String), RT(String), RD1(String), RD7(String), ED(String), LD(String), GD(String), SOW(String), SRT(String), SRD(String), HND(String), ITM(String), 2017-09-12 13:29:22.891(Timestamp), N(String), 2(Integer)
date:2017-09-12 13:29:22	thread:main	user:	X-Track:	level:DEBUG	logger:jdbc.sqltiming                                  	message: sun.reflect.NativeMethodAccessorImpl.invoke0(NativeMethodAccessorImpl.java:-2)
6. SELECT
        f.departure_date,
        f.flight_name,
        f.fare_type_cd,
        f.vacant_num,
        f.boarding_class_cd
    FROM
        flight f,
        fare_type ft,
        flight_master fm,
        route r
    WHERE
         f.fare_type_cd = ft.fare_type_cd
    AND
         f.fare_type_cd IN
          (  
             'OW'
          , 
             'RT'
          , 
             'RD1'
          , 
             'RD7'
          , 
             'ED'
          , 
             'LD'
          , 
             'GD'
          , 
             'SOW'
          , 
             'SRT'
          , 
             'SRD'
          ) 
    AND
         f.flight_name = fm.flight_name
    AND
         fm.route_no = r.route_no
    AND
         r.dep_airport_cd = 'HND'
    AND
         r.arr_airport_cd = 'ITM'
    AND
         f.departure_date = '09/12/2017 13:29:22.891'
    AND
         f.boarding_class_cd = 'N'
    AND
         2 BETWEEN ft.rsrv_available_end_day_num AND ft.rsrv_available_start_day_num
    ORDER BY
        ft.display_order ASC,
        fm.departure_time ASC {executed in 8 msec}
date:2017-09-12 13:29:22	thread:main	user:	X-Track:	level:DEBUG	logger:j.c.n.a.d.r.f.F.findByVacantSeatSearchCriteria  	message:<==      Total: 90
date:2017-09-12 13:30:01	thread:main	user:	X-Track:	level:DEBUG	logger:j.c.n.a.d.r.b.BoardingClassRepository.findAll   	message:==>  Preparing: SELECT boarding_class_cd, boarding_class_name, extra_charge FROM boarding_class 
date:2017-09-12 13:30:01	thread:main	user:	X-Track:	level:DEBUG	logger:j.c.n.a.d.r.b.BoardingClassRepository.findAll   	message:==> Parameters: 
date:2017-09-12 13:30:01	thread:main	user:	X-Track:	level:DEBUG	logger:jdbc.sqltiming                                  	message: sun.reflect.NativeMethodAccessorImpl.invoke0(NativeMethodAccessorImpl.java:-2)
1. SELECT
        boarding_class_cd,
        boarding_class_name,
        extra_charge
    FROM
        boarding_class {executed in 20 msec}
date:2017-09-12 13:30:01	thread:main	user:	X-Track:	level:DEBUG	logger:j.c.n.a.d.r.b.BoardingClassRepository.findAll   	message:<==      Total: 2
date:2017-09-12 13:30:01	thread:main	user:	X-Track:	level:DEBUG	logger:j.c.n.a.d.r.faretype.FareTypeRepository.findAll 	message:==>  Preparing: SELECT fare_type_cd, fare_type_name, discount_rate, rsrv_available_start_day_num, rsrv_available_end_day_num, passenger_min_num FROM fare_type 
date:2017-09-12 13:30:01	thread:main	user:	X-Track:	level:DEBUG	logger:j.c.n.a.d.r.faretype.FareTypeRepository.findAll 	message:==> Parameters: 
date:2017-09-12 13:30:01	thread:main	user:	X-Track:	level:DEBUG	logger:jdbc.sqltiming                                  	message: sun.reflect.NativeMethodAccessorImpl.invoke0(NativeMethodAccessorImpl.java:-2)
2. SELECT
        fare_type_cd,
        fare_type_name,
        discount_rate,
        rsrv_available_start_day_num,
        rsrv_available_end_day_num,
        passenger_min_num
    FROM
        fare_type {executed in 2 msec}
date:2017-09-12 13:30:01	thread:main	user:	X-Track:	level:DEBUG	logger:j.c.n.a.d.r.faretype.FareTypeRepository.findAll 	message:<==      Total: 10
date:2017-09-12 13:30:01	thread:main	user:	X-Track:	level:DEBUG	logger:j.c.n.a.d.r.f.F.findAllFlightMaster             	message:==>  Preparing: SELECT fm.flight_name, fm.departure_time, fm.arrival_time, fm.craft_type, r.route_no, r.basic_fare, a_dep.airport_cd AS dep_airport_cd, a_dep.airport_name AS dep_airport_name, a_arr.airport_cd AS aar_airport_cd, a_arr.airport_name AS aar_airport_name FROM flight_master fm, route r, airport a_dep, airport a_arr WHERE fm.route_no = r.route_no AND r.dep_airport_cd = a_dep.airport_cd AND r.arr_airport_cd = a_arr.airport_cd 
date:2017-09-12 13:30:01	thread:main	user:	X-Track:	level:DEBUG	logger:j.c.n.a.d.r.f.F.findAllFlightMaster             	message:==> Parameters: 
date:2017-09-12 13:30:01	thread:main	user:	X-Track:	level:DEBUG	logger:jdbc.sqltiming                                  	message: sun.reflect.NativeMethodAccessorImpl.invoke0(NativeMethodAccessorImpl.java:-2)
3. SELECT
        fm.flight_name,
        fm.departure_time,
        fm.arrival_time,
        fm.craft_type,
        r.route_no,
        r.basic_fare,
        a_dep.airport_cd AS dep_airport_cd,
        a_dep.airport_name AS dep_airport_name,
        a_arr.airport_cd AS aar_airport_cd,
        a_arr.airport_name AS aar_airport_name
    FROM
        flight_master fm,
        route r,
        airport a_dep,
        airport a_arr
    WHERE 
        fm.route_no = r.route_no
    AND
        r.dep_airport_cd = a_dep.airport_cd
    AND
        r.arr_airport_cd = a_arr.airport_cd {executed in 4 msec}
date:2017-09-12 13:30:01	thread:main	user:	X-Track:	level:DEBUG	logger:j.c.n.a.d.r.f.F.findAllFlightMaster             	message:<==      Total: 126
date:2017-09-12 13:30:01	thread:main	user:	X-Track:	level:DEBUG	logger:j.c.n.a.d.r.peaktime.PeakTimeRepository.findAll 	message:==>  Preparing: SELECT peak_time_cd, peak_start_date, peak_end_date, multiplication_ratio FROM peak_time 
date:2017-09-12 13:30:01	thread:main	user:	X-Track:	level:DEBUG	logger:j.c.n.a.d.r.peaktime.PeakTimeRepository.findAll 	message:==> Parameters: 
date:2017-09-12 13:30:01	thread:main	user:	X-Track:	level:DEBUG	logger:jdbc.sqltiming                                  	message: sun.reflect.NativeMethodAccessorImpl.invoke0(NativeMethodAccessorImpl.java:-2)
4. SELECT
        peak_time_cd,
        peak_start_date,
        peak_end_date,
        multiplication_ratio
    FROM
        peak_time {executed in 1 msec}
date:2017-09-12 13:30:01	thread:main	user:	X-Track:	level:DEBUG	logger:j.c.n.a.d.r.peaktime.PeakTimeRepository.findAll 	message:<==      Total: 16
date:2017-09-12 13:30:01	thread:main	user:	X-Track:	level:DEBUG	logger:j.c.n.a.d.r.route.RouteRepository.findAll       	message:==>  Preparing: SELECT r.route_no, r.basic_fare, a_dep.airport_cd AS dep_airport_cd, a_dep.airport_name AS dep_airport_name, a_arr.airport_cd AS aar_airport_cd, a_arr.airport_name AS aar_airport_name FROM route r, airport a_dep, airport a_arr WHERE r.dep_airport_cd = a_dep.airport_cd AND r.arr_airport_cd = a_arr.airport_cd 
date:2017-09-12 13:30:01	thread:main	user:	X-Track:	level:DEBUG	logger:j.c.n.a.d.r.route.RouteRepository.findAll       	message:==> Parameters: 
date:2017-09-12 13:30:01	thread:main	user:	X-Track:	level:DEBUG	logger:jdbc.sqltiming                                  	message: sun.reflect.NativeMethodAccessorImpl.invoke0(NativeMethodAccessorImpl.java:-2)
5. SELECT
        r.route_no,
        r.basic_fare,
        a_dep.airport_cd AS dep_airport_cd,
        a_dep.airport_name AS dep_airport_name,
        a_arr.airport_cd AS aar_airport_cd,
        a_arr.airport_name AS aar_airport_name
    FROM
        route r,
        airport a_dep,
        airport a_arr
    WHERE
        r.dep_airport_cd = a_dep.airport_cd
    AND
        r.arr_airport_cd = a_arr.airport_cd {executed in 3 msec}
date:2017-09-12 13:30:01	thread:main	user:	X-Track:	level:DEBUG	logger:j.c.n.a.d.r.route.RouteRepository.findAll       	message:<==      Total: 20
date:2017-09-12 13:30:02	thread:main	user:	X-Track:	level:WARN 	logger:org.dozer.config.GlobalSettings                 	message:Dozer configuration file not found: dozer.properties.  Using defaults for all Dozer global properties.
date:2017-09-12 13:30:02	thread:main	user:	X-Track:	level:DEBUG	logger:j.c.n.a.d.r.f.F.findByVacantSeatSearchCriteria  	message:==>  Preparing: SELECT f.departure_date, f.flight_name, f.fare_type_cd, f.vacant_num, f.boarding_class_cd FROM flight f, fare_type ft, flight_master fm, route r WHERE f.fare_type_cd = ft.fare_type_cd AND f.fare_type_cd IN ( ? , ? , ? , ? , ? , ? , ? , ? , ? , ? ) AND f.flight_name = fm.flight_name AND fm.route_no = r.route_no AND r.dep_airport_cd = ? AND r.arr_airport_cd = ? AND f.departure_date = ? AND f.boarding_class_cd = ? AND ? BETWEEN ft.rsrv_available_end_day_num AND ft.rsrv_available_start_day_num ORDER BY ft.display_order ASC, fm.departure_time ASC 
date:2017-09-12 13:30:02	thread:main	user:	X-Track:	level:DEBUG	logger:j.c.n.a.d.r.f.F.findByVacantSeatSearchCriteria  	message:==> Parameters: OW(String), RT(String), RD1(String), RD7(String), ED(String), LD(String), GD(String), SOW(String), SRT(String), SRD(String), HND(String), ITM(String), 2017-09-13 00:00:00.0(Timestamp), N(String), 2(Integer)
date:2017-09-12 13:30:02	thread:main	user:	X-Track:	level:DEBUG	logger:jdbc.sqltiming                                  	message: sun.reflect.NativeMethodAccessorImpl.invoke0(NativeMethodAccessorImpl.java:-2)
6. SELECT
        f.departure_date,
        f.flight_name,
        f.fare_type_cd,
        f.vacant_num,
        f.boarding_class_cd
    FROM
        flight f,
        fare_type ft,
        flight_master fm,
        route r
    WHERE
         f.fare_type_cd = ft.fare_type_cd
    AND
         f.fare_type_cd IN
          (  
             'OW'
          , 
             'RT'
          , 
             'RD1'
          , 
             'RD7'
          , 
             'ED'
          , 
             'LD'
          , 
             'GD'
          , 
             'SOW'
          , 
             'SRT'
          , 
             'SRD'
          ) 
    AND
         f.flight_name = fm.flight_name
    AND
         fm.route_no = r.route_no
    AND
         r.dep_airport_cd = 'HND'
    AND
         r.arr_airport_cd = 'ITM'
    AND
         f.departure_date = '09/13/2017 00:00:00.000'
    AND
         f.boarding_class_cd = 'N'
    AND
         2 BETWEEN ft.rsrv_available_end_day_num AND ft.rsrv_available_start_day_num
    ORDER BY
        ft.display_order ASC,
        fm.departure_time ASC {executed in 8 msec}
date:2017-09-12 13:30:02	thread:main	user:	X-Track:	level:DEBUG	logger:j.c.n.a.d.r.f.F.findByVacantSeatSearchCriteria  	message:<==      Total: 90
date:2017-09-12 15:44:02	thread:main	user:	X-Track:	level:DEBUG	logger:j.c.n.a.d.r.b.BoardingClassRepository.findAll   	message:==>  Preparing: SELECT boarding_class_cd, boarding_class_name, extra_charge FROM boarding_class 
date:2017-09-12 15:44:02	thread:main	user:	X-Track:	level:DEBUG	logger:j.c.n.a.d.r.b.BoardingClassRepository.findAll   	message:==> Parameters: 
date:2017-09-12 15:44:02	thread:main	user:	X-Track:	level:DEBUG	logger:jdbc.sqltiming                                  	message: sun.reflect.NativeMethodAccessorImpl.invoke0(NativeMethodAccessorImpl.java:-2)
1. SELECT
        boarding_class_cd,
        boarding_class_name,
        extra_charge
    FROM
        boarding_class {executed in 23 msec}
date:2017-09-12 15:44:02	thread:main	user:	X-Track:	level:DEBUG	logger:j.c.n.a.d.r.b.BoardingClassRepository.findAll   	message:<==      Total: 2
date:2017-09-12 15:44:02	thread:main	user:	X-Track:	level:DEBUG	logger:j.c.n.a.d.r.faretype.FareTypeRepository.findAll 	message:==>  Preparing: SELECT fare_type_cd, fare_type_name, discount_rate, rsrv_available_start_day_num, rsrv_available_end_day_num, passenger_min_num FROM fare_type 
date:2017-09-12 15:44:02	thread:main	user:	X-Track:	level:DEBUG	logger:j.c.n.a.d.r.faretype.FareTypeRepository.findAll 	message:==> Parameters: 
date:2017-09-12 15:44:02	thread:main	user:	X-Track:	level:DEBUG	logger:jdbc.sqltiming                                  	message: sun.reflect.NativeMethodAccessorImpl.invoke0(NativeMethodAccessorImpl.java:-2)
2. SELECT
        fare_type_cd,
        fare_type_name,
        discount_rate,
        rsrv_available_start_day_num,
        rsrv_available_end_day_num,
        passenger_min_num
    FROM
        fare_type {executed in 2 msec}
date:2017-09-12 15:44:02	thread:main	user:	X-Track:	level:DEBUG	logger:j.c.n.a.d.r.faretype.FareTypeRepository.findAll 	message:<==      Total: 10
date:2017-09-12 15:44:02	thread:main	user:	X-Track:	level:DEBUG	logger:j.c.n.a.d.r.f.F.findAllFlightMaster             	message:==>  Preparing: SELECT fm.flight_name, fm.departure_time, fm.arrival_time, fm.craft_type, r.route_no, r.basic_fare, a_dep.airport_cd AS dep_airport_cd, a_dep.airport_name AS dep_airport_name, a_arr.airport_cd AS aar_airport_cd, a_arr.airport_name AS aar_airport_name FROM flight_master fm, route r, airport a_dep, airport a_arr WHERE fm.route_no = r.route_no AND r.dep_airport_cd = a_dep.airport_cd AND r.arr_airport_cd = a_arr.airport_cd 
date:2017-09-12 15:44:02	thread:main	user:	X-Track:	level:DEBUG	logger:j.c.n.a.d.r.f.F.findAllFlightMaster             	message:==> Parameters: 
date:2017-09-12 15:44:02	thread:main	user:	X-Track:	level:DEBUG	logger:jdbc.sqltiming                                  	message: sun.reflect.NativeMethodAccessorImpl.invoke0(NativeMethodAccessorImpl.java:-2)
3. SELECT
        fm.flight_name,
        fm.departure_time,
        fm.arrival_time,
        fm.craft_type,
        r.route_no,
        r.basic_fare,
        a_dep.airport_cd AS dep_airport_cd,
        a_dep.airport_name AS dep_airport_name,
        a_arr.airport_cd AS aar_airport_cd,
        a_arr.airport_name AS aar_airport_name
    FROM
        flight_master fm,
        route r,
        airport a_dep,
        airport a_arr
    WHERE 
        fm.route_no = r.route_no
    AND
        r.dep_airport_cd = a_dep.airport_cd
    AND
        r.arr_airport_cd = a_arr.airport_cd {executed in 5 msec}
date:2017-09-12 15:44:02	thread:main	user:	X-Track:	level:DEBUG	logger:j.c.n.a.d.r.f.F.findAllFlightMaster             	message:<==      Total: 126
date:2017-09-12 15:44:02	thread:main	user:	X-Track:	level:DEBUG	logger:j.c.n.a.d.r.peaktime.PeakTimeRepository.findAll 	message:==>  Preparing: SELECT peak_time_cd, peak_start_date, peak_end_date, multiplication_ratio FROM peak_time 
date:2017-09-12 15:44:02	thread:main	user:	X-Track:	level:DEBUG	logger:j.c.n.a.d.r.peaktime.PeakTimeRepository.findAll 	message:==> Parameters: 
date:2017-09-12 15:44:02	thread:main	user:	X-Track:	level:DEBUG	logger:jdbc.sqltiming                                  	message: sun.reflect.NativeMethodAccessorImpl.invoke0(NativeMethodAccessorImpl.java:-2)
4. SELECT
        peak_time_cd,
        peak_start_date,
        peak_end_date,
        multiplication_ratio
    FROM
        peak_time {executed in 1 msec}
date:2017-09-12 15:44:02	thread:main	user:	X-Track:	level:DEBUG	logger:j.c.n.a.d.r.peaktime.PeakTimeRepository.findAll 	message:<==      Total: 16
date:2017-09-12 15:44:02	thread:main	user:	X-Track:	level:DEBUG	logger:j.c.n.a.d.r.route.RouteRepository.findAll       	message:==>  Preparing: SELECT r.route_no, r.basic_fare, a_dep.airport_cd AS dep_airport_cd, a_dep.airport_name AS dep_airport_name, a_arr.airport_cd AS aar_airport_cd, a_arr.airport_name AS aar_airport_name FROM route r, airport a_dep, airport a_arr WHERE r.dep_airport_cd = a_dep.airport_cd AND r.arr_airport_cd = a_arr.airport_cd 
date:2017-09-12 15:44:02	thread:main	user:	X-Track:	level:DEBUG	logger:j.c.n.a.d.r.route.RouteRepository.findAll       	message:==> Parameters: 
date:2017-09-12 15:44:02	thread:main	user:	X-Track:	level:DEBUG	logger:jdbc.sqltiming                                  	message: sun.reflect.NativeMethodAccessorImpl.invoke0(NativeMethodAccessorImpl.java:-2)
5. SELECT
        r.route_no,
        r.basic_fare,
        a_dep.airport_cd AS dep_airport_cd,
        a_dep.airport_name AS dep_airport_name,
        a_arr.airport_cd AS aar_airport_cd,
        a_arr.airport_name AS aar_airport_name
    FROM
        route r,
        airport a_dep,
        airport a_arr
    WHERE
        r.dep_airport_cd = a_dep.airport_cd
    AND
        r.arr_airport_cd = a_arr.airport_cd {executed in 1 msec}
date:2017-09-12 15:44:02	thread:main	user:	X-Track:	level:DEBUG	logger:j.c.n.a.d.r.route.RouteRepository.findAll       	message:<==      Total: 20
date:2017-09-12 15:44:03	thread:main	user:	X-Track:	level:WARN 	logger:org.dozer.config.GlobalSettings                 	message:Dozer configuration file not found: dozer.properties.  Using defaults for all Dozer global properties.
date:2017-09-12 15:44:03	thread:main	user:	X-Track:	level:DEBUG	logger:jdbc.sqltiming                                  	message: org.springframework.jdbc.core.JdbcTemplate$1ExecuteStatementCallback.doInStatement(JdbcTemplate.java:431)
6. ALTER TABLE FLIGHT_MASTER DROP CONSTRAINT FK_FLIGHT_MASTER_1 {executed in 3 msec}
date:2017-09-12 15:44:03	thread:main	user:	X-Track:	level:DEBUG	logger:jdbc.sqltiming                                  	message: org.springframework.jdbc.core.JdbcTemplate$1UpdateStatementCallback.doInStatement(JdbcTemplate.java:523)
6. DELETE FROM ROUTE {executed in 1 msec}
date:2017-09-12 15:44:03	thread:main	user:	X-Track:	level:DEBUG	logger:jdbc.sqltiming                                  	message: org.springframework.jdbc.core.JdbcTemplate$2.doInPreparedStatement(JdbcTemplate.java:873)
6. INSERT INTO ROUTE VALUES (1,'HND','ITM','0100',20600) {executed in 2 msec}
date:2017-09-12 15:44:03	thread:main	user:	X-Track:	level:DEBUG	logger:jdbc.sqltiming                                  	message: org.springframework.jdbc.core.JdbcTemplate$2.doInPreparedStatement(JdbcTemplate.java:873)
6. INSERT INTO ROUTE VALUES (2,'HND','MBE','0130',30700) {executed in 1 msec}
date:2017-09-12 15:44:03	thread:main	user:	X-Track:	level:DEBUG	logger:jdbc.sqltiming                                  	message: org.springframework.jdbc.core.JdbcTemplate$2.doInPreparedStatement(JdbcTemplate.java:873)
6. INSERT INTO ROUTE VALUES (3,'FUK','NRT','0130',33700) {executed in 0 msec}
date:2017-09-12 15:44:03	thread:main	user:	X-Track:	level:DEBUG	logger:jdbc.sqltiming                                  	message: org.springframework.jdbc.core.JdbcTemplate$2.doInPreparedStatement(JdbcTemplate.java:873)
6. INSERT INTO ROUTE VALUES (4,'ISG','OIM','0230',37400) {executed in 1 msec}
date:2017-09-12 15:44:03	thread:main	user:	X-Track:	level:DEBUG	logger:jdbc.sqltiming                                  	message: org.springframework.jdbc.core.JdbcTemplate$2.doInPreparedStatement(JdbcTemplate.java:873)
6. INSERT INTO ROUTE VALUES (5,'KIX','SPK','0150',37900) {executed in 0 msec}
date:2017-09-12 15:44:03	thread:main	user:	X-Track:	level:DEBUG	logger:jdbc.sqltiming                                  	message: org.springframework.jdbc.core.JdbcTemplate$2.doInPreparedStatement(JdbcTemplate.java:873)
6. INSERT INTO ROUTE VALUES (6,'UKB','HSG','0120',20100) {executed in 1 msec}
date:2017-09-12 15:44:03	thread:main	user:	X-Track:	level:DEBUG	logger:jdbc.sqltiming                                  	message: org.springframework.jdbc.core.JdbcTemplate$2.doInPreparedStatement(JdbcTemplate.java:873)
6. INSERT INTO ROUTE VALUES (7,'ITM','OKA','0205',31400) {executed in 1 msec}
date:2017-09-12 15:44:03	thread:main	user:	X-Track:	level:DEBUG	logger:jdbc.sqltiming                                  	message: org.springframework.jdbc.core.JdbcTemplate$2.doInPreparedStatement(JdbcTemplate.java:873)
6. INSERT INTO ROUTE VALUES (8,'NGO','SPK','0140',34200) {executed in 0 msec}
date:2017-09-12 15:44:03	thread:main	user:	X-Track:	level:DEBUG	logger:jdbc.sqltiming                                  	message: org.springframework.jdbc.core.JdbcTemplate$2.doInPreparedStatement(JdbcTemplate.java:873)
6. INSERT INTO ROUTE VALUES (9,'OKD','KOJ','0335',52400) {executed in 0 msec}
date:2017-09-12 15:44:03	thread:main	user:	X-Track:	level:DEBUG	logger:jdbc.sqltiming                                  	message: org.springframework.jdbc.core.JdbcTemplate$2.doInPreparedStatement(JdbcTemplate.java:873)
6. INSERT INTO ROUTE VALUES (10,'ISG','FUK','0345',46400) {executed in 0 msec}
date:2017-09-12 15:44:03	thread:main	user:	X-Track:	level:DEBUG	logger:jdbc.sqltiming                                  	message: org.springframework.jdbc.core.JdbcTemplate$2.doInPreparedStatement(JdbcTemplate.java:873)
6. INSERT INTO ROUTE VALUES (11,'HND','SPK','0130',30700) {executed in 0 msec}
date:2017-09-12 15:44:03	thread:main	user:	X-Track:	level:DEBUG	logger:jdbc.sqltiming                                  	message: org.springframework.jdbc.core.JdbcTemplate$2.doInPreparedStatement(JdbcTemplate.java:873)
6. INSERT INTO ROUTE VALUES (12,'HND','OKA','0230',37400) {executed in 1 msec}
date:2017-09-12 15:44:03	thread:main	user:	X-Track:	level:DEBUG	logger:jdbc.sqltiming                                  	message: org.springframework.jdbc.core.JdbcTemplate$2.doInPreparedStatement(JdbcTemplate.java:873)
6. INSERT INTO ROUTE VALUES (13,'HND','KIX','0115',20600) {executed in 1 msec}
date:2017-09-12 15:44:03	thread:main	user:	X-Track:	level:DEBUG	logger:jdbc.sqltiming                                  	message: org.springframework.jdbc.core.JdbcTemplate$2.doInPreparedStatement(JdbcTemplate.java:873)
6. INSERT INTO ROUTE VALUES (14,'HND','FUK','0145',33700) {executed in 1 msec}
date:2017-09-12 15:44:03	thread:main	user:	X-Track:	level:DEBUG	logger:jdbc.sqltiming                                  	message: org.springframework.jdbc.core.JdbcTemplate$2.doInPreparedStatement(JdbcTemplate.java:873)
6. INSERT INTO ROUTE VALUES (15,'ITM','HND','0110',20600) {executed in 0 msec}
date:2017-09-12 15:44:03	thread:main	user:	X-Track:	level:DEBUG	logger:jdbc.sqltiming                                  	message: org.springframework.jdbc.core.JdbcTemplate$2.doInPreparedStatement(JdbcTemplate.java:873)
6. INSERT INTO ROUTE VALUES (16,'SPK','HND','0130',30700) {executed in 0 msec}
date:2017-09-12 15:44:03	thread:main	user:	X-Track:	level:DEBUG	logger:jdbc.sqltiming                                  	message: org.springframework.jdbc.core.JdbcTemplate$2.doInPreparedStatement(JdbcTemplate.java:873)
6. INSERT INTO ROUTE VALUES (17,'OKA','HND','0220',37400) {executed in 0 msec}
date:2017-09-12 15:44:03	thread:main	user:	X-Track:	level:DEBUG	logger:jdbc.sqltiming                                  	message: org.springframework.jdbc.core.JdbcTemplate$2.doInPreparedStatement(JdbcTemplate.java:873)
6. INSERT INTO ROUTE VALUES (18,'KIX','HND','0105',20600) {executed in 1 msec}
date:2017-09-12 15:44:03	thread:main	user:	X-Track:	level:DEBUG	logger:jdbc.sqltiming                                  	message: org.springframework.jdbc.core.JdbcTemplate$2.doInPreparedStatement(JdbcTemplate.java:873)
6. INSERT INTO ROUTE VALUES (19,'FUK','HND','0135',33700) {executed in 1 msec}
date:2017-09-12 15:44:03	thread:main	user:	X-Track:	level:DEBUG	logger:jdbc.sqltiming                                  	message: org.springframework.jdbc.core.JdbcTemplate$2.doInPreparedStatement(JdbcTemplate.java:873)
6. INSERT INTO ROUTE VALUES (20,'SPK','KIX','0150',37900) {executed in 1 msec}
date:2017-09-12 15:44:03	thread:main	user:	X-Track:	level:DEBUG	logger:jdbc.sqltiming                                  	message: org.springframework.jdbc.core.JdbcTemplate$1ExecuteStatementCallback.doInStatement(JdbcTemplate.java:431)
6. ALTER TABLE FLIGHT_MASTER ADD CONSTRAINT FK_FLIGHT_MASTER_1 FOREIGN KEY (ROUTE_NO) REFERENCES ROUTE (ROUTE_NO) {executed in 2 msec}
date:2017-09-12 15:44:03	thread:main	user:	X-Track:	level:DEBUG	logger:j.c.n.a.d.r.route.RouteRepository.findAll       	message:==>  Preparing: SELECT r.route_no, r.basic_fare, a_dep.airport_cd AS dep_airport_cd, a_dep.airport_name AS dep_airport_name, a_arr.airport_cd AS aar_airport_cd, a_arr.airport_name AS aar_airport_name FROM route r, airport a_dep, airport a_arr WHERE r.dep_airport_cd = a_dep.airport_cd AND r.arr_airport_cd = a_arr.airport_cd 
date:2017-09-12 15:44:03	thread:main	user:	X-Track:	level:DEBUG	logger:j.c.n.a.d.r.route.RouteRepository.findAll       	message:==> Parameters: 
date:2017-09-12 15:44:03	thread:main	user:	X-Track:	level:DEBUG	logger:jdbc.sqltiming                                  	message: sun.reflect.NativeMethodAccessorImpl.invoke0(NativeMethodAccessorImpl.java:-2)
6. SELECT
        r.route_no,
        r.basic_fare,
        a_dep.airport_cd AS dep_airport_cd,
        a_dep.airport_name AS dep_airport_name,
        a_arr.airport_cd AS aar_airport_cd,
        a_arr.airport_name AS aar_airport_name
    FROM
        route r,
        airport a_dep,
        airport a_arr
    WHERE
        r.dep_airport_cd = a_dep.airport_cd
    AND
        r.arr_airport_cd = a_arr.airport_cd {executed in 1 msec}
date:2017-09-12 15:44:03	thread:main	user:	X-Track:	level:DEBUG	logger:j.c.n.a.d.r.route.RouteRepository.findAll       	message:<==      Total: 20
date:2017-09-12 15:45:36	thread:main	user:	X-Track:	level:DEBUG	logger:j.c.n.a.d.r.b.BoardingClassRepository.findAll   	message:==>  Preparing: SELECT boarding_class_cd, boarding_class_name, extra_charge FROM boarding_class 
date:2017-09-12 15:45:36	thread:main	user:	X-Track:	level:DEBUG	logger:j.c.n.a.d.r.b.BoardingClassRepository.findAll   	message:==> Parameters: 
date:2017-09-12 15:45:36	thread:main	user:	X-Track:	level:DEBUG	logger:jdbc.sqltiming                                  	message: sun.reflect.NativeMethodAccessorImpl.invoke0(NativeMethodAccessorImpl.java:-2)
1. SELECT
        boarding_class_cd,
        boarding_class_name,
        extra_charge
    FROM
        boarding_class {executed in 18 msec}
date:2017-09-12 15:45:36	thread:main	user:	X-Track:	level:DEBUG	logger:j.c.n.a.d.r.b.BoardingClassRepository.findAll   	message:<==      Total: 2
date:2017-09-12 15:45:36	thread:main	user:	X-Track:	level:DEBUG	logger:j.c.n.a.d.r.faretype.FareTypeRepository.findAll 	message:==>  Preparing: SELECT fare_type_cd, fare_type_name, discount_rate, rsrv_available_start_day_num, rsrv_available_end_day_num, passenger_min_num FROM fare_type 
date:2017-09-12 15:45:36	thread:main	user:	X-Track:	level:DEBUG	logger:j.c.n.a.d.r.faretype.FareTypeRepository.findAll 	message:==> Parameters: 
date:2017-09-12 15:45:36	thread:main	user:	X-Track:	level:DEBUG	logger:jdbc.sqltiming                                  	message: sun.reflect.NativeMethodAccessorImpl.invoke0(NativeMethodAccessorImpl.java:-2)
2. SELECT
        fare_type_cd,
        fare_type_name,
        discount_rate,
        rsrv_available_start_day_num,
        rsrv_available_end_day_num,
        passenger_min_num
    FROM
        fare_type {executed in 1 msec}
date:2017-09-12 15:45:36	thread:main	user:	X-Track:	level:DEBUG	logger:j.c.n.a.d.r.faretype.FareTypeRepository.findAll 	message:<==      Total: 10
date:2017-09-12 15:45:36	thread:main	user:	X-Track:	level:DEBUG	logger:j.c.n.a.d.r.f.F.findAllFlightMaster             	message:==>  Preparing: SELECT fm.flight_name, fm.departure_time, fm.arrival_time, fm.craft_type, r.route_no, r.basic_fare, a_dep.airport_cd AS dep_airport_cd, a_dep.airport_name AS dep_airport_name, a_arr.airport_cd AS aar_airport_cd, a_arr.airport_name AS aar_airport_name FROM flight_master fm, route r, airport a_dep, airport a_arr WHERE fm.route_no = r.route_no AND r.dep_airport_cd = a_dep.airport_cd AND r.arr_airport_cd = a_arr.airport_cd 
date:2017-09-12 15:45:36	thread:main	user:	X-Track:	level:DEBUG	logger:j.c.n.a.d.r.f.F.findAllFlightMaster             	message:==> Parameters: 
date:2017-09-12 15:45:36	thread:main	user:	X-Track:	level:DEBUG	logger:jdbc.sqltiming                                  	message: sun.reflect.NativeMethodAccessorImpl.invoke0(NativeMethodAccessorImpl.java:-2)
3. SELECT
        fm.flight_name,
        fm.departure_time,
        fm.arrival_time,
        fm.craft_type,
        r.route_no,
        r.basic_fare,
        a_dep.airport_cd AS dep_airport_cd,
        a_dep.airport_name AS dep_airport_name,
        a_arr.airport_cd AS aar_airport_cd,
        a_arr.airport_name AS aar_airport_name
    FROM
        flight_master fm,
        route r,
        airport a_dep,
        airport a_arr
    WHERE 
        fm.route_no = r.route_no
    AND
        r.dep_airport_cd = a_dep.airport_cd
    AND
        r.arr_airport_cd = a_arr.airport_cd {executed in 4 msec}
date:2017-09-12 15:45:36	thread:main	user:	X-Track:	level:DEBUG	logger:j.c.n.a.d.r.f.F.findAllFlightMaster             	message:<==      Total: 126
date:2017-09-12 15:45:36	thread:main	user:	X-Track:	level:DEBUG	logger:j.c.n.a.d.r.peaktime.PeakTimeRepository.findAll 	message:==>  Preparing: SELECT peak_time_cd, peak_start_date, peak_end_date, multiplication_ratio FROM peak_time 
date:2017-09-12 15:45:36	thread:main	user:	X-Track:	level:DEBUG	logger:j.c.n.a.d.r.peaktime.PeakTimeRepository.findAll 	message:==> Parameters: 
date:2017-09-12 15:45:36	thread:main	user:	X-Track:	level:DEBUG	logger:jdbc.sqltiming                                  	message: sun.reflect.NativeMethodAccessorImpl.invoke0(NativeMethodAccessorImpl.java:-2)
4. SELECT
        peak_time_cd,
        peak_start_date,
        peak_end_date,
        multiplication_ratio
    FROM
        peak_time {executed in 2 msec}
date:2017-09-12 15:45:36	thread:main	user:	X-Track:	level:DEBUG	logger:j.c.n.a.d.r.peaktime.PeakTimeRepository.findAll 	message:<==      Total: 16
date:2017-09-12 15:45:36	thread:main	user:	X-Track:	level:DEBUG	logger:j.c.n.a.d.r.route.RouteRepository.findAll       	message:==>  Preparing: SELECT r.route_no, r.basic_fare, a_dep.airport_cd AS dep_airport_cd, a_dep.airport_name AS dep_airport_name, a_arr.airport_cd AS aar_airport_cd, a_arr.airport_name AS aar_airport_name FROM route r, airport a_dep, airport a_arr WHERE r.dep_airport_cd = a_dep.airport_cd AND r.arr_airport_cd = a_arr.airport_cd 
date:2017-09-12 15:45:36	thread:main	user:	X-Track:	level:DEBUG	logger:j.c.n.a.d.r.route.RouteRepository.findAll       	message:==> Parameters: 
date:2017-09-12 15:45:36	thread:main	user:	X-Track:	level:DEBUG	logger:jdbc.sqltiming                                  	message: sun.reflect.NativeMethodAccessorImpl.invoke0(NativeMethodAccessorImpl.java:-2)
5. SELECT
        r.route_no,
        r.basic_fare,
        a_dep.airport_cd AS dep_airport_cd,
        a_dep.airport_name AS dep_airport_name,
        a_arr.airport_cd AS aar_airport_cd,
        a_arr.airport_name AS aar_airport_name
    FROM
        route r,
        airport a_dep,
        airport a_arr
    WHERE
        r.dep_airport_cd = a_dep.airport_cd
    AND
        r.arr_airport_cd = a_arr.airport_cd {executed in 2 msec}
date:2017-09-12 15:45:36	thread:main	user:	X-Track:	level:DEBUG	logger:j.c.n.a.d.r.route.RouteRepository.findAll       	message:<==      Total: 20
date:2017-09-12 15:45:36	thread:main	user:	X-Track:	level:WARN 	logger:org.dozer.config.GlobalSettings                 	message:Dozer configuration file not found: dozer.properties.  Using defaults for all Dozer global properties.
date:2017-09-12 15:45:37	thread:main	user:	X-Track:	level:DEBUG	logger:jdbc.sqltiming                                  	message: org.springframework.jdbc.core.JdbcTemplate$1ExecuteStatementCallback.doInStatement(JdbcTemplate.java:431)
6. ALTER TABLE FLIGHT_MASTER DROP CONSTRAINT FK_FLIGHT_MASTER_1 {executed in 2 msec}
date:2017-09-12 15:45:37	thread:main	user:	X-Track:	level:DEBUG	logger:jdbc.sqltiming                                  	message: org.springframework.jdbc.core.JdbcTemplate$1UpdateStatementCallback.doInStatement(JdbcTemplate.java:523)
6. DELETE FROM ROUTE {executed in 1 msec}
date:2017-09-12 15:45:37	thread:main	user:	X-Track:	level:DEBUG	logger:jdbc.sqltiming                                  	message: org.springframework.jdbc.core.JdbcTemplate$2.doInPreparedStatement(JdbcTemplate.java:873)
6. INSERT INTO ROUTE VALUES (1,'HND','ITM','0100',20600) {executed in 3 msec}
date:2017-09-12 15:45:37	thread:main	user:	X-Track:	level:DEBUG	logger:jdbc.sqltiming                                  	message: org.springframework.jdbc.core.JdbcTemplate$2.doInPreparedStatement(JdbcTemplate.java:873)
6. INSERT INTO ROUTE VALUES (2,'HND','MBE','0130',30700) {executed in 0 msec}
date:2017-09-12 15:45:37	thread:main	user:	X-Track:	level:DEBUG	logger:jdbc.sqltiming                                  	message: org.springframework.jdbc.core.JdbcTemplate$2.doInPreparedStatement(JdbcTemplate.java:873)
6. INSERT INTO ROUTE VALUES (3,'FUK','NRT','0130',33700) {executed in 1 msec}
date:2017-09-12 15:45:37	thread:main	user:	X-Track:	level:DEBUG	logger:jdbc.sqltiming                                  	message: org.springframework.jdbc.core.JdbcTemplate$2.doInPreparedStatement(JdbcTemplate.java:873)
6. INSERT INTO ROUTE VALUES (4,'ISG','OIM','0230',37400) {executed in 1 msec}
date:2017-09-12 15:45:37	thread:main	user:	X-Track:	level:DEBUG	logger:jdbc.sqltiming                                  	message: org.springframework.jdbc.core.JdbcTemplate$2.doInPreparedStatement(JdbcTemplate.java:873)
6. INSERT INTO ROUTE VALUES (5,'KIX','SPK','0150',37900) {executed in 1 msec}
date:2017-09-12 15:45:37	thread:main	user:	X-Track:	level:DEBUG	logger:jdbc.sqltiming                                  	message: org.springframework.jdbc.core.JdbcTemplate$2.doInPreparedStatement(JdbcTemplate.java:873)
6. INSERT INTO ROUTE VALUES (6,'UKB','HSG','0120',20100) {executed in 0 msec}
date:2017-09-12 15:45:37	thread:main	user:	X-Track:	level:DEBUG	logger:jdbc.sqltiming                                  	message: org.springframework.jdbc.core.JdbcTemplate$2.doInPreparedStatement(JdbcTemplate.java:873)
6. INSERT INTO ROUTE VALUES (7,'ITM','OKA','0205',31400) {executed in 0 msec}
date:2017-09-12 15:45:37	thread:main	user:	X-Track:	level:DEBUG	logger:jdbc.sqltiming                                  	message: org.springframework.jdbc.core.JdbcTemplate$2.doInPreparedStatement(JdbcTemplate.java:873)
6. INSERT INTO ROUTE VALUES (8,'NGO','SPK','0140',34200) {executed in 1 msec}
date:2017-09-12 15:45:37	thread:main	user:	X-Track:	level:DEBUG	logger:jdbc.sqltiming                                  	message: org.springframework.jdbc.core.JdbcTemplate$2.doInPreparedStatement(JdbcTemplate.java:873)
6. INSERT INTO ROUTE VALUES (9,'OKD','KOJ','0335',52400) {executed in 0 msec}
date:2017-09-12 15:45:37	thread:main	user:	X-Track:	level:DEBUG	logger:jdbc.sqltiming                                  	message: org.springframework.jdbc.core.JdbcTemplate$2.doInPreparedStatement(JdbcTemplate.java:873)
6. INSERT INTO ROUTE VALUES (10,'ISG','FUK','0345',46400) {executed in 1 msec}
date:2017-09-12 15:45:37	thread:main	user:	X-Track:	level:DEBUG	logger:jdbc.sqltiming                                  	message: org.springframework.jdbc.core.JdbcTemplate$2.doInPreparedStatement(JdbcTemplate.java:873)
6. INSERT INTO ROUTE VALUES (11,'HND','SPK','0130',30700) {executed in 1 msec}
date:2017-09-12 15:45:37	thread:main	user:	X-Track:	level:DEBUG	logger:jdbc.sqltiming                                  	message: org.springframework.jdbc.core.JdbcTemplate$2.doInPreparedStatement(JdbcTemplate.java:873)
6. INSERT INTO ROUTE VALUES (12,'HND','OKA','0230',37400) {executed in 1 msec}
date:2017-09-12 15:45:37	thread:main	user:	X-Track:	level:DEBUG	logger:jdbc.sqltiming                                  	message: org.springframework.jdbc.core.JdbcTemplate$2.doInPreparedStatement(JdbcTemplate.java:873)
6. INSERT INTO ROUTE VALUES (13,'HND','KIX','0115',20600) {executed in 1 msec}
date:2017-09-12 15:45:37	thread:main	user:	X-Track:	level:DEBUG	logger:jdbc.sqltiming                                  	message: org.springframework.jdbc.core.JdbcTemplate$2.doInPreparedStatement(JdbcTemplate.java:873)
6. INSERT INTO ROUTE VALUES (14,'HND','FUK','0145',33700) {executed in 0 msec}
date:2017-09-12 15:45:37	thread:main	user:	X-Track:	level:DEBUG	logger:jdbc.sqltiming                                  	message: org.springframework.jdbc.core.JdbcTemplate$2.doInPreparedStatement(JdbcTemplate.java:873)
6. INSERT INTO ROUTE VALUES (15,'ITM','HND','0110',20600) {executed in 0 msec}
date:2017-09-12 15:45:37	thread:main	user:	X-Track:	level:DEBUG	logger:jdbc.sqltiming                                  	message: org.springframework.jdbc.core.JdbcTemplate$2.doInPreparedStatement(JdbcTemplate.java:873)
6. INSERT INTO ROUTE VALUES (16,'SPK','HND','0130',30700) {executed in 0 msec}
date:2017-09-12 15:45:37	thread:main	user:	X-Track:	level:DEBUG	logger:jdbc.sqltiming                                  	message: org.springframework.jdbc.core.JdbcTemplate$2.doInPreparedStatement(JdbcTemplate.java:873)
6. INSERT INTO ROUTE VALUES (17,'OKA','HND','0220',37400) {executed in 1 msec}
date:2017-09-12 15:45:37	thread:main	user:	X-Track:	level:DEBUG	logger:jdbc.sqltiming                                  	message: org.springframework.jdbc.core.JdbcTemplate$2.doInPreparedStatement(JdbcTemplate.java:873)
6. INSERT INTO ROUTE VALUES (18,'KIX','HND','0105',20600) {executed in 1 msec}
date:2017-09-12 15:45:37	thread:main	user:	X-Track:	level:DEBUG	logger:jdbc.sqltiming                                  	message: org.springframework.jdbc.core.JdbcTemplate$2.doInPreparedStatement(JdbcTemplate.java:873)
6. INSERT INTO ROUTE VALUES (19,'FUK','HND','0135',33700) {executed in 1 msec}
date:2017-09-12 15:45:37	thread:main	user:	X-Track:	level:DEBUG	logger:jdbc.sqltiming                                  	message: org.springframework.jdbc.core.JdbcTemplate$2.doInPreparedStatement(JdbcTemplate.java:873)
6. INSERT INTO ROUTE VALUES (20,'SPK','KIX','0150',37900) {executed in 1 msec}
date:2017-09-12 15:45:37	thread:main	user:	X-Track:	level:DEBUG	logger:jdbc.sqltiming                                  	message: org.springframework.jdbc.core.JdbcTemplate$1ExecuteStatementCallback.doInStatement(JdbcTemplate.java:431)
6. ALTER TABLE FLIGHT_MASTER ADD CONSTRAINT FK_FLIGHT_MASTER_1 FOREIGN KEY (ROUTE_NO) REFERENCES ROUTE (ROUTE_NO) {executed in 7 msec}
date:2017-09-12 15:45:37	thread:main	user:	X-Track:	level:DEBUG	logger:j.c.n.a.d.r.route.RouteRepository.findAll       	message:==>  Preparing: SELECT r.route_no, r.basic_fare, a_dep.airport_cd AS dep_airport_cd, a_dep.airport_name AS dep_airport_name, a_arr.airport_cd AS aar_airport_cd, a_arr.airport_name AS aar_airport_name FROM route r, airport a_dep, airport a_arr WHERE r.dep_airport_cd = a_dep.airport_cd AND r.arr_airport_cd = a_arr.airport_cd 
date:2017-09-12 15:45:37	thread:main	user:	X-Track:	level:DEBUG	logger:j.c.n.a.d.r.route.RouteRepository.findAll       	message:==> Parameters: 
date:2017-09-12 15:45:37	thread:main	user:	X-Track:	level:DEBUG	logger:jdbc.sqltiming                                  	message: sun.reflect.NativeMethodAccessorImpl.invoke0(NativeMethodAccessorImpl.java:-2)
6. SELECT
        r.route_no,
        r.basic_fare,
        a_dep.airport_cd AS dep_airport_cd,
        a_dep.airport_name AS dep_airport_name,
        a_arr.airport_cd AS aar_airport_cd,
        a_arr.airport_name AS aar_airport_name
    FROM
        route r,
        airport a_dep,
        airport a_arr
    WHERE
        r.dep_airport_cd = a_dep.airport_cd
    AND
        r.arr_airport_cd = a_arr.airport_cd {executed in 1 msec}
date:2017-09-12 15:45:37	thread:main	user:	X-Track:	level:DEBUG	logger:j.c.n.a.d.r.route.RouteRepository.findAll       	message:<==      Total: 20
date:2017-09-12 15:46:28	thread:main	user:	X-Track:	level:DEBUG	logger:j.c.n.a.d.r.b.BoardingClassRepository.findAll   	message:==>  Preparing: SELECT boarding_class_cd, boarding_class_name, extra_charge FROM boarding_class 
date:2017-09-12 15:46:28	thread:main	user:	X-Track:	level:DEBUG	logger:j.c.n.a.d.r.b.BoardingClassRepository.findAll   	message:==> Parameters: 
date:2017-09-12 15:46:28	thread:main	user:	X-Track:	level:DEBUG	logger:jdbc.sqltiming                                  	message: sun.reflect.NativeMethodAccessorImpl.invoke0(NativeMethodAccessorImpl.java:-2)
1. SELECT
        boarding_class_cd,
        boarding_class_name,
        extra_charge
    FROM
        boarding_class {executed in 27 msec}
date:2017-09-12 15:46:28	thread:main	user:	X-Track:	level:DEBUG	logger:j.c.n.a.d.r.b.BoardingClassRepository.findAll   	message:<==      Total: 2
date:2017-09-12 15:46:28	thread:main	user:	X-Track:	level:DEBUG	logger:j.c.n.a.d.r.faretype.FareTypeRepository.findAll 	message:==>  Preparing: SELECT fare_type_cd, fare_type_name, discount_rate, rsrv_available_start_day_num, rsrv_available_end_day_num, passenger_min_num FROM fare_type 
date:2017-09-12 15:46:28	thread:main	user:	X-Track:	level:DEBUG	logger:j.c.n.a.d.r.faretype.FareTypeRepository.findAll 	message:==> Parameters: 
date:2017-09-12 15:46:28	thread:main	user:	X-Track:	level:DEBUG	logger:jdbc.sqltiming                                  	message: sun.reflect.NativeMethodAccessorImpl.invoke0(NativeMethodAccessorImpl.java:-2)
2. SELECT
        fare_type_cd,
        fare_type_name,
        discount_rate,
        rsrv_available_start_day_num,
        rsrv_available_end_day_num,
        passenger_min_num
    FROM
        fare_type {executed in 10 msec}
date:2017-09-12 15:46:28	thread:main	user:	X-Track:	level:DEBUG	logger:j.c.n.a.d.r.faretype.FareTypeRepository.findAll 	message:<==      Total: 10
date:2017-09-12 15:46:28	thread:main	user:	X-Track:	level:DEBUG	logger:j.c.n.a.d.r.f.F.findAllFlightMaster             	message:==>  Preparing: SELECT fm.flight_name, fm.departure_time, fm.arrival_time, fm.craft_type, r.route_no, r.basic_fare, a_dep.airport_cd AS dep_airport_cd, a_dep.airport_name AS dep_airport_name, a_arr.airport_cd AS aar_airport_cd, a_arr.airport_name AS aar_airport_name FROM flight_master fm, route r, airport a_dep, airport a_arr WHERE fm.route_no = r.route_no AND r.dep_airport_cd = a_dep.airport_cd AND r.arr_airport_cd = a_arr.airport_cd 
date:2017-09-12 15:46:28	thread:main	user:	X-Track:	level:DEBUG	logger:j.c.n.a.d.r.f.F.findAllFlightMaster             	message:==> Parameters: 
date:2017-09-12 15:46:28	thread:main	user:	X-Track:	level:DEBUG	logger:jdbc.sqltiming                                  	message: sun.reflect.NativeMethodAccessorImpl.invoke0(NativeMethodAccessorImpl.java:-2)
3. SELECT
        fm.flight_name,
        fm.departure_time,
        fm.arrival_time,
        fm.craft_type,
        r.route_no,
        r.basic_fare,
        a_dep.airport_cd AS dep_airport_cd,
        a_dep.airport_name AS dep_airport_name,
        a_arr.airport_cd AS aar_airport_cd,
        a_arr.airport_name AS aar_airport_name
    FROM
        flight_master fm,
        route r,
        airport a_dep,
        airport a_arr
    WHERE 
        fm.route_no = r.route_no
    AND
        r.dep_airport_cd = a_dep.airport_cd
    AND
        r.arr_airport_cd = a_arr.airport_cd {executed in 20 msec}
date:2017-09-12 15:46:28	thread:main	user:	X-Track:	level:DEBUG	logger:j.c.n.a.d.r.f.F.findAllFlightMaster             	message:<==      Total: 126
date:2017-09-12 15:46:28	thread:main	user:	X-Track:	level:DEBUG	logger:j.c.n.a.d.r.peaktime.PeakTimeRepository.findAll 	message:==>  Preparing: SELECT peak_time_cd, peak_start_date, peak_end_date, multiplication_ratio FROM peak_time 
date:2017-09-12 15:46:28	thread:main	user:	X-Track:	level:DEBUG	logger:j.c.n.a.d.r.peaktime.PeakTimeRepository.findAll 	message:==> Parameters: 
date:2017-09-12 15:46:28	thread:main	user:	X-Track:	level:DEBUG	logger:jdbc.sqltiming                                  	message: sun.reflect.NativeMethodAccessorImpl.invoke0(NativeMethodAccessorImpl.java:-2)
4. SELECT
        peak_time_cd,
        peak_start_date,
        peak_end_date,
        multiplication_ratio
    FROM
        peak_time {executed in 5 msec}
date:2017-09-12 15:46:28	thread:main	user:	X-Track:	level:DEBUG	logger:j.c.n.a.d.r.peaktime.PeakTimeRepository.findAll 	message:<==      Total: 16
date:2017-09-12 15:46:28	thread:main	user:	X-Track:	level:DEBUG	logger:j.c.n.a.d.r.route.RouteRepository.findAll       	message:==>  Preparing: SELECT r.route_no, r.basic_fare, a_dep.airport_cd AS dep_airport_cd, a_dep.airport_name AS dep_airport_name, a_arr.airport_cd AS aar_airport_cd, a_arr.airport_name AS aar_airport_name FROM route r, airport a_dep, airport a_arr WHERE r.dep_airport_cd = a_dep.airport_cd AND r.arr_airport_cd = a_arr.airport_cd 
date:2017-09-12 15:46:28	thread:main	user:	X-Track:	level:DEBUG	logger:j.c.n.a.d.r.route.RouteRepository.findAll       	message:==> Parameters: 
date:2017-09-12 15:46:28	thread:main	user:	X-Track:	level:DEBUG	logger:jdbc.sqltiming                                  	message: sun.reflect.NativeMethodAccessorImpl.invoke0(NativeMethodAccessorImpl.java:-2)
5. SELECT
        r.route_no,
        r.basic_fare,
        a_dep.airport_cd AS dep_airport_cd,
        a_dep.airport_name AS dep_airport_name,
        a_arr.airport_cd AS aar_airport_cd,
        a_arr.airport_name AS aar_airport_name
    FROM
        route r,
        airport a_dep,
        airport a_arr
    WHERE
        r.dep_airport_cd = a_dep.airport_cd
    AND
        r.arr_airport_cd = a_arr.airport_cd {executed in 2 msec}
date:2017-09-12 15:46:28	thread:main	user:	X-Track:	level:DEBUG	logger:j.c.n.a.d.r.route.RouteRepository.findAll       	message:<==      Total: 20
date:2017-09-12 15:46:29	thread:main	user:	X-Track:	level:WARN 	logger:org.dozer.config.GlobalSettings                 	message:Dozer configuration file not found: dozer.properties.  Using defaults for all Dozer global properties.
date:2017-09-12 15:46:29	thread:main	user:	X-Track:	level:DEBUG	logger:jdbc.sqltiming                                  	message: org.springframework.jdbc.core.JdbcTemplate$1ExecuteStatementCallback.doInStatement(JdbcTemplate.java:431)
6. ALTER TABLE FLIGHT_MASTER DROP CONSTRAINT FK_FLIGHT_MASTER_1 {executed in 2 msec}
date:2017-09-12 15:46:29	thread:main	user:	X-Track:	level:DEBUG	logger:jdbc.sqltiming                                  	message: org.springframework.jdbc.core.JdbcTemplate$1UpdateStatementCallback.doInStatement(JdbcTemplate.java:523)
6. DELETE FROM ROUTE {executed in 1 msec}
date:2017-09-12 15:46:29	thread:main	user:	X-Track:	level:DEBUG	logger:jdbc.sqltiming                                  	message: org.springframework.jdbc.core.JdbcTemplate$2.doInPreparedStatement(JdbcTemplate.java:873)
6. INSERT INTO ROUTE VALUES (1,'HND','ITM','0100',20600) {executed in 3 msec}
date:2017-09-12 15:46:29	thread:main	user:	X-Track:	level:DEBUG	logger:jdbc.sqltiming                                  	message: org.springframework.jdbc.core.JdbcTemplate$2.doInPreparedStatement(JdbcTemplate.java:873)
6. INSERT INTO ROUTE VALUES (2,'HND','MBE','0130',30700) {executed in 1 msec}
date:2017-09-12 15:46:29	thread:main	user:	X-Track:	level:DEBUG	logger:jdbc.sqltiming                                  	message: org.springframework.jdbc.core.JdbcTemplate$2.doInPreparedStatement(JdbcTemplate.java:873)
6. INSERT INTO ROUTE VALUES (3,'FUK','NRT','0130',33700) {executed in 1 msec}
date:2017-09-12 15:46:29	thread:main	user:	X-Track:	level:DEBUG	logger:jdbc.sqltiming                                  	message: org.springframework.jdbc.core.JdbcTemplate$2.doInPreparedStatement(JdbcTemplate.java:873)
6. INSERT INTO ROUTE VALUES (4,'ISG','OIM','0230',37400) {executed in 0 msec}
date:2017-09-12 15:46:29	thread:main	user:	X-Track:	level:DEBUG	logger:jdbc.sqltiming                                  	message: org.springframework.jdbc.core.JdbcTemplate$2.doInPreparedStatement(JdbcTemplate.java:873)
6. INSERT INTO ROUTE VALUES (5,'KIX','SPK','0150',37900) {executed in 1 msec}
date:2017-09-12 15:46:29	thread:main	user:	X-Track:	level:DEBUG	logger:jdbc.sqltiming                                  	message: org.springframework.jdbc.core.JdbcTemplate$2.doInPreparedStatement(JdbcTemplate.java:873)
6. INSERT INTO ROUTE VALUES (6,'UKB','HSG','0120',20100) {executed in 1 msec}
date:2017-09-12 15:46:29	thread:main	user:	X-Track:	level:DEBUG	logger:jdbc.sqltiming                                  	message: org.springframework.jdbc.core.JdbcTemplate$2.doInPreparedStatement(JdbcTemplate.java:873)
6. INSERT INTO ROUTE VALUES (7,'ITM','OKA','0205',31400) {executed in 1 msec}
date:2017-09-12 15:46:29	thread:main	user:	X-Track:	level:DEBUG	logger:jdbc.sqltiming                                  	message: org.springframework.jdbc.core.JdbcTemplate$2.doInPreparedStatement(JdbcTemplate.java:873)
6. INSERT INTO ROUTE VALUES (8,'NGO','SPK','0140',34200) {executed in 0 msec}
date:2017-09-12 15:46:29	thread:main	user:	X-Track:	level:DEBUG	logger:jdbc.sqltiming                                  	message: org.springframework.jdbc.core.JdbcTemplate$2.doInPreparedStatement(JdbcTemplate.java:873)
6. INSERT INTO ROUTE VALUES (9,'OKD','KOJ','0335',52400) {executed in 0 msec}
date:2017-09-12 15:46:29	thread:main	user:	X-Track:	level:DEBUG	logger:jdbc.sqltiming                                  	message: org.springframework.jdbc.core.JdbcTemplate$2.doInPreparedStatement(JdbcTemplate.java:873)
6. INSERT INTO ROUTE VALUES (10,'ISG','FUK','0345',46400) {executed in 1 msec}
date:2017-09-12 15:46:29	thread:main	user:	X-Track:	level:DEBUG	logger:jdbc.sqltiming                                  	message: org.springframework.jdbc.core.JdbcTemplate$2.doInPreparedStatement(JdbcTemplate.java:873)
6. INSERT INTO ROUTE VALUES (11,'HND','SPK','0130',30700) {executed in 1 msec}
date:2017-09-12 15:46:29	thread:main	user:	X-Track:	level:DEBUG	logger:jdbc.sqltiming                                  	message: org.springframework.jdbc.core.JdbcTemplate$2.doInPreparedStatement(JdbcTemplate.java:873)
6. INSERT INTO ROUTE VALUES (12,'HND','OKA','0230',37400) {executed in 0 msec}
date:2017-09-12 15:46:29	thread:main	user:	X-Track:	level:DEBUG	logger:jdbc.sqltiming                                  	message: org.springframework.jdbc.core.JdbcTemplate$2.doInPreparedStatement(JdbcTemplate.java:873)
6. INSERT INTO ROUTE VALUES (13,'HND','KIX','0115',20600) {executed in 0 msec}
date:2017-09-12 15:46:29	thread:main	user:	X-Track:	level:DEBUG	logger:jdbc.sqltiming                                  	message: org.springframework.jdbc.core.JdbcTemplate$2.doInPreparedStatement(JdbcTemplate.java:873)
6. INSERT INTO ROUTE VALUES (14,'HND','FUK','0145',33700) {executed in 0 msec}
date:2017-09-12 15:46:29	thread:main	user:	X-Track:	level:DEBUG	logger:jdbc.sqltiming                                  	message: org.springframework.jdbc.core.JdbcTemplate$2.doInPreparedStatement(JdbcTemplate.java:873)
6. INSERT INTO ROUTE VALUES (15,'ITM','HND','0110',20600) {executed in 0 msec}
date:2017-09-12 15:46:29	thread:main	user:	X-Track:	level:DEBUG	logger:jdbc.sqltiming                                  	message: org.springframework.jdbc.core.JdbcTemplate$2.doInPreparedStatement(JdbcTemplate.java:873)
6. INSERT INTO ROUTE VALUES (16,'SPK','HND','0130',30700) {executed in 0 msec}
date:2017-09-12 15:46:29	thread:main	user:	X-Track:	level:DEBUG	logger:jdbc.sqltiming                                  	message: org.springframework.jdbc.core.JdbcTemplate$2.doInPreparedStatement(JdbcTemplate.java:873)
6. INSERT INTO ROUTE VALUES (17,'OKA','HND','0220',37400) {executed in 0 msec}
date:2017-09-12 15:46:29	thread:main	user:	X-Track:	level:DEBUG	logger:jdbc.sqltiming                                  	message: org.springframework.jdbc.core.JdbcTemplate$2.doInPreparedStatement(JdbcTemplate.java:873)
6. INSERT INTO ROUTE VALUES (18,'KIX','HND','0105',20600) {executed in 0 msec}
date:2017-09-12 15:46:29	thread:main	user:	X-Track:	level:DEBUG	logger:jdbc.sqltiming                                  	message: org.springframework.jdbc.core.JdbcTemplate$2.doInPreparedStatement(JdbcTemplate.java:873)
6. INSERT INTO ROUTE VALUES (20,'SPK','KIX','0150',37900) {executed in 1 msec}
date:2017-09-12 15:46:29	thread:main	user:	X-Track:	level:DEBUG	logger:jdbc.sqltiming                                  	message: org.springframework.jdbc.core.JdbcTemplate$1ExecuteStatementCallback.doInStatement(JdbcTemplate.java:431)
6. ALTER TABLE FLIGHT_MASTER ADD CONSTRAINT FK_FLIGHT_MASTER_1 FOREIGN KEY (ROUTE_NO) REFERENCES ROUTE (ROUTE_NO) {executed in 13 msec}
date:2017-09-12 15:46:29	thread:main	user:	X-Track:	level:DEBUG	logger:j.c.n.a.d.r.route.RouteRepository.findAll       	message:==>  Preparing: SELECT r.route_no, r.basic_fare, a_dep.airport_cd AS dep_airport_cd, a_dep.airport_name AS dep_airport_name, a_arr.airport_cd AS aar_airport_cd, a_arr.airport_name AS aar_airport_name FROM route r, airport a_dep, airport a_arr WHERE r.dep_airport_cd = a_dep.airport_cd AND r.arr_airport_cd = a_arr.airport_cd 
date:2017-09-12 15:46:29	thread:main	user:	X-Track:	level:DEBUG	logger:j.c.n.a.d.r.route.RouteRepository.findAll       	message:==> Parameters: 
date:2017-09-12 15:46:29	thread:main	user:	X-Track:	level:DEBUG	logger:jdbc.sqltiming                                  	message: sun.reflect.NativeMethodAccessorImpl.invoke0(NativeMethodAccessorImpl.java:-2)
6. SELECT
        r.route_no,
        r.basic_fare,
        a_dep.airport_cd AS dep_airport_cd,
        a_dep.airport_name AS dep_airport_name,
        a_arr.airport_cd AS aar_airport_cd,
        a_arr.airport_name AS aar_airport_name
    FROM
        route r,
        airport a_dep,
        airport a_arr
    WHERE
        r.dep_airport_cd = a_dep.airport_cd
    AND
        r.arr_airport_cd = a_arr.airport_cd {executed in 1 msec}
date:2017-09-12 15:46:29	thread:main	user:	X-Track:	level:DEBUG	logger:j.c.n.a.d.r.route.RouteRepository.findAll       	message:<==      Total: 19
